TN:
SF:src\call-wrapper.ts
FNF:28
FNH:8
DA:5,382
DA:6,129
DA:49,1
DA:56,59
DA:57,50
DA:58,54
DA:59,29
DA:68,0
DA:69,0
DA:70,18
DA:78,0
DA:79,0
DA:80,18
DA:89,0
DA:90,0
DA:91,18
DA:103,0
DA:104,0
DA:105,18
DA:115,0
DA:116,0
DA:117,0
DA:118,0
DA:119,0
DA:120,0
DA:121,0
DA:122,0
DA:123,0
DA:124,0
DA:125,0
DA:126,0
DA:127,0
DA:128,18
DA:138,28
DA:139,50
DA:140,29
DA:148,0
DA:149,0
DA:150,23
DA:162,19
DA:166,80
DA:167,33
DA:169,29
DA:170,5
DA:172,26
DA:173,0
DA:174,33
DA:175,6
DA:177,23
DA:178,23
DA:179,0
DA:180,30
DA:181,6
DA:186,0
DA:187,0
DA:188,0
DA:189,11
DA:194,0
DA:195,0
DA:196,0
DA:197,0
DA:198,0
DA:199,0
DA:200,0
DA:201,0
DA:202,11
DA:207,77
DA:208,89
DA:211,28
DA:212,33
DA:213,26
DA:215,26
DA:217,0
DA:218,0
DA:219,0
DA:220,0
DA:221,0
DA:222,0
DA:223,0
DA:224,0
DA:225,0
DA:226,0
DA:227,0
DA:228,0
DA:229,0
DA:230,0
DA:231,0
DA:232,0
DA:233,0
DA:234,0
DA:235,0
DA:236,0
DA:237,0
DA:238,0
DA:239,0
DA:240,0
DA:241,0
DA:242,0
DA:243,0
DA:244,90
DA:247,70
DA:249,27
DA:251,24
DA:252,26
DA:253,5
DA:255,65
DA:256,45
DA:258,19
DA:259,30
DA:260,30
DA:261,29
DA:262,18
DA:263,5
DA:264,29
DA:265,30
DA:266,30
DA:267,92
DA:268,28
DA:269,17
DA:270,5
DA:272,59
DA:274,0
DA:275,0
DA:276,0
DA:277,0
DA:278,0
DA:279,0
DA:280,0
DA:281,0
DA:282,0
DA:283,0
DA:284,0
DA:285,0
DA:286,0
DA:287,0
DA:288,0
DA:289,0
DA:290,0
DA:291,0
DA:292,0
DA:293,0
DA:294,0
DA:295,0
DA:296,0
DA:297,0
DA:298,0
DA:299,0
DA:300,0
DA:301,0
DA:302,0
DA:303,0
DA:304,0
DA:305,0
DA:306,0
DA:307,0
DA:308,0
DA:309,0
DA:310,0
DA:311,0
DA:312,0
DA:313,0
DA:314,0
DA:315,0
DA:316,0
DA:317,0
DA:318,0
DA:319,0
DA:320,0
DA:321,0
DA:322,0
DA:323,0
DA:324,0
DA:325,0
DA:326,0
DA:327,0
DA:328,0
DA:329,0
DA:330,0
DA:331,0
DA:332,0
DA:333,0
DA:334,0
DA:335,0
DA:336,0
DA:337,27
DA:340,26
DA:341,114
DA:343,86
DA:344,13
DA:345,60
DA:346,19
DA:347,38
DA:348,118
DA:349,18
DA:350,123
DA:352,23
DA:354,9
DA:356,170
DA:357,26
DA:358,95
DA:359,58
DA:360,45
DA:361,55
DA:362,31
DA:363,103
DA:364,64
DA:365,31
DA:366,18
DA:367,126
DA:369,23
DA:370,105
DA:372,29
DA:373,12
DA:374,33
DA:375,17
DA:376,5
DA:378,34
DA:379,38
DA:380,0
DA:381,71
DA:382,6
DA:383,0
DA:384,0
DA:385,0
DA:386,0
DA:387,0
DA:388,0
DA:389,0
DA:390,0
DA:391,0
DA:392,0
DA:393,0
DA:394,0
DA:395,0
DA:396,0
DA:397,0
DA:398,0
DA:399,18
DA:402,0
DA:403,0
DA:404,0
DA:405,0
DA:406,0
DA:407,0
DA:408,0
DA:409,0
DA:410,0
DA:411,0
DA:412,0
DA:413,0
DA:414,0
DA:415,0
DA:416,0
DA:417,0
DA:418,20
DA:421,0
DA:422,0
DA:423,0
DA:424,0
DA:425,0
DA:426,0
DA:427,0
DA:428,0
DA:429,0
DA:430,0
DA:431,0
DA:432,0
DA:433,0
DA:434,0
DA:435,0
DA:436,0
DA:437,0
DA:438,0
DA:439,0
DA:440,0
DA:441,0
DA:442,0
DA:443,0
DA:444,0
DA:445,0
DA:446,0
DA:447,0
DA:448,0
DA:449,0
DA:450,0
DA:451,0
DA:452,0
DA:453,0
DA:454,0
DA:455,0
DA:456,0
DA:457,0
DA:458,0
DA:459,0
DA:460,0
DA:461,0
DA:462,0
DA:463,0
DA:464,0
DA:465,0
DA:466,0
DA:467,0
DA:468,0
DA:469,0
DA:470,0
DA:471,0
DA:472,0
DA:473,0
DA:474,0
DA:475,0
DA:476,0
DA:477,0
DA:478,0
DA:479,0
DA:480,0
DA:481,8
DA:484,0
DA:485,0
DA:486,0
DA:487,0
DA:488,0
DA:489,0
DA:490,0
DA:491,0
DA:492,8
DA:495,0
DA:496,0
DA:497,0
DA:498,0
DA:499,0
DA:500,52
DA:503,0
DA:504,0
DA:505,0
DA:506,0
DA:507,0
DA:508,0
DA:509,0
DA:510,0
DA:511,21
DA:514,0
DA:515,0
DA:516,0
DA:517,0
DA:518,0
DA:519,0
DA:520,0
DA:521,0
DA:522,0
DA:523,0
DA:524,33
DA:526,2
LF:527
LH:102
end_of_record
TN:
SF:src\client.ts
FNF:62
FNH:8
DA:91,1
DA:93,0
DA:94,0
DA:95,0
DA:96,0
DA:97,0
DA:98,8
DA:101,4
DA:102,12
DA:103,20
DA:104,18
DA:105,10
DA:106,128
DA:107,102
DA:108,138
DA:109,59
DA:112,0
DA:113,0
DA:114,0
DA:115,0
DA:116,0
DA:117,0
DA:118,0
DA:119,56
DA:122,0
DA:123,0
DA:124,0
DA:125,0
DA:126,0
DA:127,30
DA:130,18
DA:131,0
DA:132,0
DA:133,0
DA:134,0
DA:135,0
DA:136,0
DA:137,0
DA:138,0
DA:139,0
DA:140,0
DA:141,0
DA:142,0
DA:143,0
DA:144,0
DA:145,0
DA:146,8
DA:149,13
DA:150,12
DA:151,68
DA:152,12
DA:169,10
DA:170,24
DA:171,48
DA:172,80
DA:173,58
DA:174,52
DA:175,43
DA:176,27
DA:177,9
DA:178,48
DA:179,36
DA:180,9
DA:181,58
DA:182,46
DA:183,9
DA:184,92
DA:185,22
DA:186,30
DA:187,16
DA:188,14
DA:189,29
DA:196,0
DA:197,0
DA:198,0
DA:199,0
DA:200,0
DA:201,0
DA:202,0
DA:203,0
DA:204,0
DA:205,0
DA:206,0
DA:207,0
DA:208,0
DA:209,0
DA:210,0
DA:211,0
DA:212,0
DA:213,0
DA:214,0
DA:215,0
DA:216,0
DA:217,0
DA:218,0
DA:219,0
DA:220,0
DA:221,0
DA:222,0
DA:223,0
DA:224,0
DA:225,0
DA:226,0
DA:227,0
DA:228,0
DA:229,0
DA:230,0
DA:231,0
DA:232,0
DA:233,0
DA:234,0
DA:235,0
DA:236,0
DA:237,0
DA:238,0
DA:239,0
DA:240,0
DA:241,0
DA:242,0
DA:243,0
DA:244,0
DA:245,0
DA:246,0
DA:247,0
DA:248,0
DA:249,0
DA:250,0
DA:251,0
DA:252,0
DA:253,0
DA:254,0
DA:255,0
DA:256,0
DA:257,0
DA:258,0
DA:259,0
DA:260,0
DA:261,0
DA:262,57
DA:265,61
DA:266,172
DA:272,32
DA:273,71
DA:276,36
DA:277,78
DA:278,44
DA:279,16
DA:280,18
DA:281,99
DA:282,13
DA:283,23
DA:284,18
DA:285,57
DA:286,13
DA:287,17
DA:288,54
DA:290,0
DA:291,0
DA:292,0
DA:293,0
DA:294,0
DA:295,0
DA:296,0
DA:297,0
DA:298,0
DA:299,0
DA:300,0
DA:301,0
DA:302,0
DA:303,0
DA:304,0
DA:305,0
DA:306,0
DA:307,0
DA:308,0
DA:309,0
DA:310,0
DA:311,0
DA:312,0
DA:313,0
DA:314,0
DA:315,0
DA:316,0
DA:317,0
DA:318,0
DA:319,31
DA:329,52
DA:330,41
DA:331,34
DA:332,9
DA:333,56
DA:334,62
DA:335,12
DA:336,52
DA:337,0
DA:338,0
DA:339,0
DA:340,0
DA:341,0
DA:342,0
DA:343,0
DA:344,0
DA:345,0
DA:346,0
DA:347,0
DA:348,0
DA:349,0
DA:350,0
DA:351,0
DA:352,0
DA:353,0
DA:354,0
DA:355,0
DA:356,0
DA:357,0
DA:358,0
DA:359,0
DA:360,0
DA:361,0
DA:362,0
DA:363,0
DA:364,0
DA:365,0
DA:366,0
DA:367,0
DA:368,0
DA:369,0
DA:370,0
DA:371,0
DA:372,0
DA:373,0
DA:374,0
DA:375,0
DA:376,0
DA:377,0
DA:378,0
DA:379,0
DA:380,0
DA:381,0
DA:382,0
DA:383,0
DA:384,0
DA:385,0
DA:386,0
DA:387,0
DA:388,0
DA:389,0
DA:390,0
DA:391,0
DA:392,0
DA:393,0
DA:394,0
DA:395,0
DA:396,0
DA:397,0
DA:398,0
DA:399,0
DA:400,0
DA:401,0
DA:402,0
DA:403,0
DA:404,0
DA:405,0
DA:406,0
DA:407,0
DA:408,0
DA:409,0
DA:410,0
DA:411,0
DA:412,0
DA:413,0
DA:414,0
DA:415,0
DA:416,0
DA:417,0
DA:418,0
DA:419,0
DA:420,0
DA:421,0
DA:422,0
DA:423,0
DA:424,0
DA:425,0
DA:426,0
DA:427,0
DA:428,0
DA:429,0
DA:430,0
DA:431,0
DA:432,0
DA:433,0
DA:434,0
DA:435,0
DA:436,0
DA:437,0
DA:438,0
DA:439,0
DA:440,0
DA:441,0
DA:442,0
DA:443,0
DA:444,0
DA:445,0
DA:446,0
DA:447,0
DA:448,0
DA:449,0
DA:450,0
DA:451,0
DA:452,0
DA:453,0
DA:454,0
DA:455,0
DA:456,0
DA:457,0
DA:458,0
DA:459,0
DA:460,0
DA:461,0
DA:462,0
DA:463,0
DA:464,0
DA:465,0
DA:466,0
DA:467,0
DA:468,0
DA:469,0
DA:470,0
DA:471,0
DA:472,0
DA:473,0
DA:474,0
DA:475,0
DA:476,0
DA:477,0
DA:478,0
DA:479,0
DA:480,0
DA:481,0
DA:482,0
DA:483,0
DA:484,0
DA:485,0
DA:486,0
DA:487,0
DA:488,0
DA:489,0
DA:490,0
DA:491,0
DA:492,0
DA:493,0
DA:494,0
DA:495,0
DA:496,0
DA:497,0
DA:498,0
DA:499,0
DA:500,0
DA:501,0
DA:502,0
DA:503,0
DA:504,0
DA:505,0
DA:506,0
DA:507,0
DA:508,0
DA:509,0
DA:510,0
DA:511,0
DA:512,0
DA:513,0
DA:514,0
DA:515,0
DA:516,0
DA:517,0
DA:518,0
DA:519,0
DA:520,0
DA:521,0
DA:522,0
DA:523,0
DA:524,0
DA:525,0
DA:526,0
DA:527,0
DA:528,0
DA:529,0
DA:530,0
DA:531,0
DA:532,0
DA:533,0
DA:534,0
DA:535,0
DA:536,0
DA:537,0
DA:538,0
DA:539,0
DA:540,0
DA:541,0
DA:542,0
DA:543,0
DA:544,0
DA:545,0
DA:546,0
DA:547,0
DA:548,0
DA:549,0
DA:550,0
DA:551,0
DA:552,0
DA:553,0
DA:554,0
DA:555,0
DA:556,0
DA:557,0
DA:558,0
DA:559,0
DA:560,0
DA:561,0
DA:562,0
DA:563,0
DA:564,0
DA:565,0
DA:566,0
DA:567,0
DA:568,0
DA:569,0
DA:570,0
DA:571,0
DA:572,0
DA:573,0
DA:574,0
DA:575,0
DA:576,0
DA:577,0
DA:578,0
DA:579,0
DA:580,0
DA:581,0
DA:582,0
DA:583,0
DA:584,0
DA:585,0
DA:586,0
DA:587,0
DA:588,0
DA:589,0
DA:590,0
DA:591,0
DA:592,0
DA:593,0
DA:594,0
DA:595,0
DA:596,0
DA:597,0
DA:598,0
DA:599,0
DA:600,0
DA:601,0
DA:602,0
DA:603,0
DA:604,0
DA:605,0
DA:606,0
DA:607,0
DA:608,0
DA:609,0
DA:610,0
DA:611,0
DA:612,0
DA:613,0
DA:614,0
DA:615,0
DA:616,0
DA:617,0
DA:618,0
DA:619,0
DA:620,0
DA:621,0
DA:622,0
DA:623,0
DA:624,0
DA:625,0
DA:626,0
DA:627,0
DA:628,0
DA:629,0
DA:630,0
DA:631,0
DA:632,0
DA:633,0
DA:634,0
DA:635,0
DA:636,0
DA:637,0
DA:638,0
DA:639,0
DA:640,0
DA:641,0
DA:642,0
DA:643,0
DA:644,0
DA:645,0
DA:646,24
DA:656,0
DA:657,0
DA:658,0
DA:659,0
DA:660,0
DA:661,0
DA:662,0
DA:663,0
DA:664,0
DA:665,0
DA:666,0
DA:667,0
DA:668,0
DA:669,0
DA:670,0
DA:671,0
DA:672,0
DA:673,0
DA:674,0
DA:675,0
DA:676,0
DA:677,0
DA:678,0
DA:679,0
DA:680,0
DA:681,0
DA:682,0
DA:683,0
DA:684,0
DA:685,0
DA:686,0
DA:687,0
DA:688,0
DA:689,0
DA:690,0
DA:691,0
DA:692,0
DA:693,0
DA:694,0
DA:695,0
DA:696,0
DA:697,0
DA:698,0
DA:699,0
DA:700,0
DA:701,0
DA:702,0
DA:703,0
DA:704,0
DA:705,0
DA:706,0
DA:707,0
DA:708,0
DA:709,0
DA:710,0
DA:711,0
DA:712,0
DA:713,0
DA:714,0
DA:715,0
DA:716,0
DA:717,0
DA:718,0
DA:719,0
DA:720,0
DA:721,0
DA:722,0
DA:723,0
DA:724,0
DA:725,0
DA:726,0
DA:727,0
DA:728,0
DA:729,0
DA:730,0
DA:731,0
DA:732,0
DA:733,0
DA:734,0
DA:735,0
DA:736,0
DA:737,0
DA:738,0
DA:739,0
DA:740,0
DA:741,0
DA:742,0
DA:743,0
DA:744,0
DA:745,0
DA:746,0
DA:747,0
DA:748,0
DA:749,0
DA:750,41
DA:754,59
DA:755,0
DA:756,0
DA:757,0
DA:758,0
DA:759,0
DA:760,0
DA:761,0
DA:762,0
DA:763,0
DA:764,0
DA:765,0
DA:766,0
DA:767,0
DA:768,0
DA:769,0
DA:770,0
DA:771,0
DA:772,0
DA:773,0
DA:774,0
DA:775,0
DA:776,0
DA:777,0
DA:778,0
DA:779,0
DA:780,0
DA:781,0
DA:782,0
DA:783,0
DA:784,0
DA:785,0
DA:786,0
DA:787,0
DA:788,0
DA:789,0
DA:790,0
DA:791,0
DA:792,0
DA:793,0
DA:794,0
DA:795,0
DA:796,0
DA:797,0
DA:798,0
DA:799,0
DA:800,0
DA:801,0
DA:802,0
DA:803,0
DA:804,0
DA:805,0
DA:806,0
DA:807,0
DA:808,0
DA:809,0
DA:810,0
DA:811,0
DA:812,0
DA:813,0
DA:814,0
DA:815,0
DA:816,0
DA:817,0
DA:818,0
DA:819,0
DA:820,0
DA:821,0
DA:822,0
DA:823,0
DA:824,0
DA:825,0
DA:826,0
DA:827,0
DA:828,0
DA:829,0
DA:830,0
DA:831,0
DA:832,0
DA:833,0
DA:834,0
DA:835,0
DA:836,0
DA:837,0
DA:838,0
DA:839,0
DA:840,0
DA:841,0
DA:842,0
DA:843,0
DA:844,0
DA:845,0
DA:846,0
DA:847,0
DA:848,0
DA:849,0
DA:850,0
DA:851,0
DA:852,0
DA:853,0
DA:854,0
DA:855,0
DA:856,0
DA:857,0
DA:858,0
DA:859,0
DA:860,0
DA:861,0
DA:862,0
DA:863,0
DA:864,0
DA:865,0
DA:866,0
DA:867,0
DA:868,0
DA:869,0
DA:870,0
DA:871,0
DA:872,0
DA:873,0
DA:874,0
DA:875,0
DA:876,0
DA:877,0
DA:878,0
DA:879,0
DA:880,0
DA:881,0
DA:882,0
DA:883,0
DA:884,0
DA:885,0
DA:886,0
DA:887,0
DA:888,0
DA:889,0
DA:890,0
DA:891,0
DA:892,0
DA:893,0
DA:894,0
DA:895,0
DA:896,0
DA:897,0
DA:898,0
DA:899,0
DA:900,0
DA:901,0
DA:902,0
DA:903,0
DA:904,0
DA:905,0
DA:906,0
DA:907,0
DA:908,0
DA:909,0
DA:910,0
DA:911,0
DA:912,0
DA:913,0
DA:914,0
DA:915,0
DA:916,0
DA:917,0
DA:918,0
DA:919,0
DA:920,0
DA:921,0
DA:922,0
DA:923,0
DA:924,0
DA:925,0
DA:926,0
DA:927,0
DA:928,0
DA:929,21
DA:932,0
DA:933,37
DA:945,0
DA:946,0
DA:947,0
DA:948,0
DA:949,0
DA:950,0
DA:951,0
DA:952,0
DA:953,0
DA:954,0
DA:955,0
DA:956,0
DA:957,0
DA:958,0
DA:959,0
DA:960,0
DA:961,0
DA:962,0
DA:963,0
DA:964,0
DA:965,0
DA:966,0
DA:967,0
DA:968,0
DA:969,0
DA:970,0
DA:971,0
DA:972,0
DA:973,0
DA:974,0
DA:975,0
DA:976,0
DA:977,0
DA:978,0
DA:979,0
DA:980,0
DA:981,0
DA:982,0
DA:983,0
DA:984,0
DA:985,0
DA:986,0
DA:987,0
DA:988,0
DA:989,0
DA:990,0
DA:991,0
DA:992,0
DA:993,0
DA:994,0
DA:995,0
DA:996,0
DA:997,0
DA:998,0
DA:999,0
DA:1000,0
DA:1001,0
DA:1002,0
DA:1003,0
DA:1004,0
DA:1005,0
DA:1006,0
DA:1007,0
DA:1008,0
DA:1009,0
DA:1010,0
DA:1011,0
DA:1012,0
DA:1013,0
DA:1014,0
DA:1015,0
DA:1016,0
DA:1017,0
DA:1018,0
DA:1019,0
DA:1020,0
DA:1021,0
DA:1022,0
DA:1023,0
DA:1024,0
DA:1025,0
DA:1026,0
DA:1027,0
DA:1028,0
DA:1029,0
DA:1030,0
DA:1031,0
DA:1032,0
DA:1033,0
DA:1034,0
DA:1035,0
DA:1036,0
DA:1037,0
DA:1038,0
DA:1039,0
DA:1040,0
DA:1041,0
DA:1042,0
DA:1043,0
DA:1044,0
DA:1045,0
DA:1046,0
DA:1047,0
DA:1048,0
DA:1049,0
DA:1050,0
DA:1051,0
DA:1052,0
DA:1053,0
DA:1054,0
DA:1055,0
DA:1056,0
DA:1057,0
DA:1058,0
DA:1059,0
DA:1060,0
DA:1061,0
DA:1062,0
DA:1063,0
DA:1064,0
DA:1065,7
DA:1076,0
DA:1077,0
DA:1078,0
DA:1079,0
DA:1080,0
DA:1081,0
DA:1082,0
DA:1083,0
DA:1084,0
DA:1085,0
DA:1086,0
DA:1087,0
DA:1088,0
DA:1089,0
DA:1090,0
DA:1091,0
DA:1092,0
DA:1093,0
DA:1094,0
DA:1095,0
DA:1096,0
DA:1097,0
DA:1098,0
DA:1099,0
DA:1100,0
DA:1101,0
DA:1102,0
DA:1103,0
DA:1104,0
DA:1105,0
DA:1106,0
DA:1107,0
DA:1108,0
DA:1109,0
DA:1110,0
DA:1111,0
DA:1112,0
DA:1113,0
DA:1114,0
DA:1115,0
DA:1116,0
DA:1117,0
DA:1118,0
DA:1119,0
DA:1120,0
DA:1121,0
DA:1122,0
DA:1123,0
DA:1124,0
DA:1125,0
DA:1126,0
DA:1127,0
DA:1128,0
DA:1129,0
DA:1130,0
DA:1131,0
DA:1132,0
DA:1133,0
DA:1134,0
DA:1135,0
DA:1136,0
DA:1137,0
DA:1138,0
DA:1139,0
DA:1140,0
DA:1141,0
DA:1142,0
DA:1143,0
DA:1144,0
DA:1145,0
DA:1146,0
DA:1147,0
DA:1148,0
DA:1149,0
DA:1150,0
DA:1151,0
DA:1152,0
DA:1153,0
DA:1154,0
DA:1155,0
DA:1156,0
DA:1157,0
DA:1158,0
DA:1159,0
DA:1160,0
DA:1161,0
DA:1162,0
DA:1163,0
DA:1164,0
DA:1165,0
DA:1166,0
DA:1167,0
DA:1168,0
DA:1169,0
DA:1170,0
DA:1171,0
DA:1172,0
DA:1173,0
DA:1174,0
DA:1175,0
DA:1176,0
DA:1177,0
DA:1178,0
DA:1179,0
DA:1180,0
DA:1181,0
DA:1182,0
DA:1183,0
DA:1184,0
DA:1185,0
DA:1186,0
DA:1187,0
DA:1188,0
DA:1189,0
DA:1190,0
DA:1191,0
DA:1192,0
DA:1193,0
DA:1194,0
DA:1195,0
DA:1196,0
DA:1197,0
DA:1198,23
DA:1210,0
DA:1211,0
DA:1212,0
DA:1213,7
DA:1215,1
LF:1216
LH:76
end_of_record
TN:
SF:src\constants.ts
FNF:1
FNH:1
DA:1,67
DA:2,49
DA:3,49
LF:4
LH:3
end_of_record
TN:
SF:src\features\abstract.ts
FNF:4
FNH:2
DA:5,1
DA:7,39
DA:8,24
DA:9,54
DA:12,27
DA:13,49
DA:16,0
DA:17,0
DA:18,44
DA:21,0
DA:22,55
DA:31,1
LF:32
LH:9
end_of_record
TN:
SF:src\features\base.ts
FNF:3
FNH:1
DA:4,1
DA:6,89
DA:8,0
DA:9,0
DA:10,0
DA:11,0
DA:12,22
DA:15,1
LF:16
LH:4
end_of_record
TN:
SF:src\features\feature-flags.ts
FNF:4
FNH:3
DA:2,37
DA:11,54
DA:12,14
DA:13,17
DA:16,7
DA:17,56
DA:18,12
DA:19,0
DA:20,4
DA:21,0
DA:22,0
DA:23,0
DA:24,0
DA:25,0
DA:26,0
DA:27,0
DA:28,0
DA:29,1
LF:32
LH:9
end_of_record
TN:
SF:src\features\file.ts
FNF:14
FNH:10
DA:4,37
DA:6,46
DA:7,14
DA:8,0
DA:9,0
DA:10,0
DA:11,0
DA:12,0
DA:13,0
DA:14,0
DA:15,0
DA:16,0
DA:17,0
DA:18,0
DA:19,0
DA:20,0
DA:21,0
DA:22,0
DA:23,0
DA:24,0
DA:25,0
DA:26,0
DA:27,0
DA:28,0
DA:29,0
DA:30,0
DA:31,0
DA:32,0
DA:33,0
DA:34,0
DA:35,0
DA:36,0
DA:37,0
DA:38,0
DA:39,0
DA:40,0
DA:41,0
DA:42,0
DA:43,0
DA:44,0
DA:45,0
DA:46,0
DA:47,0
DA:48,0
DA:49,0
DA:50,0
DA:51,0
DA:52,0
DA:53,0
DA:54,0
DA:55,0
DA:56,0
DA:57,0
DA:58,0
DA:59,0
DA:60,0
DA:61,0
DA:62,0
DA:63,0
DA:64,0
DA:65,0
DA:66,0
DA:67,0
DA:68,0
DA:69,0
DA:70,0
DA:71,0
DA:72,0
DA:73,0
DA:74,0
DA:75,0
DA:76,0
DA:77,0
DA:78,0
DA:79,0
DA:80,0
DA:81,0
DA:82,0
DA:83,0
DA:84,0
DA:85,0
DA:86,1
DA:95,17
DA:96,26
DA:97,100
DA:98,0
DA:99,0
DA:100,0
DA:101,0
DA:102,0
DA:103,0
DA:104,0
DA:105,0
DA:106,0
DA:107,1
DA:115,11
DA:116,70
DA:126,1
DA:127,6
DA:128,6
DA:129,10
DA:133,57
DA:134,5
DA:135,123
DA:136,21
DA:137,18
DA:138,58
DA:139,8
DA:140,54
DA:141,11
DA:142,7
DA:144,62
DA:145,0
DA:146,4
DA:148,17
DA:156,11
DA:157,92
DA:158,20
DA:159,7
DA:161,28
DA:162,0
DA:163,0
DA:164,0
DA:165,0
DA:166,0
DA:167,0
DA:168,0
DA:169,0
DA:170,0
DA:171,0
DA:172,0
DA:173,0
DA:174,0
DA:175,0
DA:176,0
DA:177,0
DA:178,0
DA:179,0
DA:180,0
DA:181,0
DA:182,0
DA:183,1
DA:193,26
DA:194,44
DA:195,40
DA:196,10
DA:197,41
DA:198,34
DA:199,4
DA:200,6
DA:202,37
DA:203,28
DA:204,0
DA:205,4
DA:207,24
LF:210
LH:45
end_of_record
TN:
SF:src\features\history.ts
FNF:5
FNH:5
DA:4,37
DA:6,49
DA:7,14
DA:8,17
DA:16,21
DA:17,82
DA:18,24
DA:26,15
DA:27,72
DA:28,42
DA:29,26
LF:32
LH:11
end_of_record
TN:
SF:src\features\manager.ts
FNF:21
FNH:0
DA:1,43
DA:16,45
DA:24,0
DA:25,0
DA:26,0
DA:27,0
DA:28,0
DA:29,0
DA:30,1
DA:33,0
DA:34,0
DA:35,0
DA:36,0
DA:37,0
DA:38,0
DA:39,0
DA:40,0
DA:41,0
DA:42,0
DA:43,0
DA:44,0
DA:45,0
DA:46,0
DA:47,0
DA:48,0
DA:49,0
DA:50,0
DA:51,0
DA:52,0
DA:53,0
DA:54,0
DA:55,0
DA:56,0
DA:57,0
DA:58,0
DA:59,0
DA:60,0
DA:61,0
DA:62,0
DA:63,0
DA:64,0
DA:65,0
DA:66,0
DA:67,0
DA:68,0
DA:69,0
DA:70,0
DA:71,0
DA:72,0
DA:73,0
DA:74,0
DA:75,0
DA:76,0
DA:77,0
DA:78,0
DA:79,0
DA:80,0
DA:81,0
DA:82,0
DA:83,0
DA:84,0
DA:85,0
DA:86,0
DA:87,0
DA:88,0
DA:89,0
DA:90,0
DA:91,0
DA:92,0
DA:93,0
DA:94,0
DA:95,0
DA:96,0
DA:97,0
DA:98,0
DA:99,0
DA:100,0
DA:101,0
DA:102,0
DA:103,0
DA:104,0
DA:105,0
DA:106,0
DA:107,0
DA:108,0
DA:109,0
DA:110,0
DA:111,0
DA:112,0
DA:113,0
DA:114,0
DA:115,0
DA:116,0
DA:117,0
DA:118,0
DA:119,0
DA:120,0
DA:121,0
DA:122,0
DA:123,0
DA:124,0
DA:125,0
DA:126,0
DA:127,0
DA:128,0
DA:129,0
DA:130,0
DA:131,0
DA:132,0
DA:133,0
DA:134,0
DA:135,0
DA:136,0
DA:137,0
DA:138,0
DA:139,0
DA:140,0
DA:141,0
DA:142,0
DA:143,0
DA:144,0
DA:145,0
DA:146,0
DA:147,0
DA:148,0
DA:149,0
DA:150,0
DA:151,0
DA:152,0
DA:153,0
DA:154,0
DA:155,0
DA:156,0
DA:157,0
DA:158,0
DA:159,0
DA:160,0
DA:161,0
DA:162,0
DA:163,0
DA:164,0
DA:165,0
DA:166,0
DA:167,0
DA:168,0
DA:169,0
DA:170,0
DA:171,0
DA:172,0
DA:173,0
DA:174,0
DA:175,0
DA:176,0
DA:177,0
DA:178,0
DA:179,0
DA:180,0
DA:181,0
DA:182,0
DA:183,0
DA:184,0
DA:185,0
DA:186,0
DA:187,0
DA:188,0
DA:189,0
DA:190,0
DA:191,0
DA:192,0
DA:193,0
DA:194,0
DA:195,0
DA:196,0
DA:197,0
DA:198,0
DA:199,0
DA:200,0
DA:201,0
DA:202,0
DA:203,0
DA:204,0
DA:205,0
DA:206,0
DA:207,0
DA:208,0
DA:209,0
DA:210,0
DA:211,0
DA:212,0
DA:213,0
DA:214,0
DA:215,0
DA:216,0
DA:217,0
DA:218,0
DA:219,0
DA:220,0
DA:221,0
DA:222,0
DA:223,0
DA:224,0
DA:225,0
DA:226,0
DA:227,0
DA:228,0
DA:229,0
DA:230,0
DA:231,0
DA:232,0
DA:233,0
DA:234,0
DA:235,0
DA:236,0
DA:237,0
DA:238,0
DA:239,0
DA:240,0
DA:241,0
DA:242,0
DA:243,0
DA:244,0
DA:245,0
DA:246,0
DA:247,0
DA:248,0
DA:249,0
DA:250,0
DA:251,0
DA:252,0
DA:253,0
DA:254,0
DA:255,0
DA:256,0
DA:257,0
DA:258,0
DA:259,0
DA:260,0
DA:261,0
DA:262,0
DA:263,0
DA:264,0
DA:265,0
DA:266,0
DA:267,0
DA:268,0
DA:269,0
DA:270,0
DA:271,0
DA:272,0
DA:273,0
DA:274,0
DA:275,0
DA:276,0
DA:277,0
DA:278,0
DA:279,0
DA:280,0
DA:281,0
DA:282,0
DA:283,0
DA:284,0
DA:285,0
DA:286,0
DA:287,0
DA:288,0
DA:289,0
DA:290,0
DA:291,0
DA:292,0
DA:293,0
DA:294,0
DA:295,0
DA:296,0
DA:297,0
DA:298,0
DA:299,0
DA:300,0
DA:301,0
DA:302,0
DA:303,0
DA:304,0
DA:305,0
DA:306,0
DA:307,0
DA:308,0
DA:309,0
DA:310,0
DA:311,0
DA:312,0
DA:313,0
DA:314,0
DA:315,0
DA:316,0
DA:317,0
DA:318,0
DA:319,0
DA:320,0
DA:321,0
DA:322,0
DA:323,0
DA:324,0
DA:325,0
DA:326,0
DA:327,0
DA:328,0
DA:329,0
DA:330,0
DA:331,0
DA:332,0
DA:333,0
DA:334,0
DA:335,0
DA:336,0
DA:337,0
DA:338,0
DA:339,0
DA:340,0
DA:341,0
DA:342,0
DA:343,0
DA:344,0
DA:345,0
DA:346,0
DA:347,0
DA:348,0
DA:349,0
DA:350,0
DA:351,0
DA:352,0
DA:353,0
DA:354,0
DA:355,0
DA:356,1
LF:359
LH:4
end_of_record
TN:
SF:src\features\misc.ts
FNF:5
FNH:4
DA:3,37
DA:5,46
DA:6,14
DA:7,0
DA:8,0
DA:9,0
DA:10,0
DA:11,0
DA:12,0
DA:13,0
DA:14,0
DA:15,0
DA:16,1
DA:23,7
DA:24,28
DA:25,11
DA:26,83
DA:27,41
DA:28,32
DA:29,58
DA:30,0
DA:31,0
DA:32,0
DA:33,4
DA:35,0
DA:36,4
DA:38,13
DA:40,0
DA:41,0
DA:42,0
DA:43,0
DA:44,0
DA:46,4
DA:47,13
DA:48,0
DA:49,4
DA:50,16
LF:53
LH:18
end_of_record
TN:
SF:src\features\model.ts
FNF:8
FNH:7
DA:4,37
DA:6,47
DA:7,14
DA:8,17
DA:16,7
DA:17,11
DA:18,72
DA:19,17
DA:20,0
DA:21,6
DA:22,22
DA:23,0
DA:24,2
DA:34,13
DA:35,11
DA:36,102
DA:37,17
DA:38,0
DA:39,6
DA:40,22
DA:41,0
DA:42,2
DA:54,34
DA:55,11
DA:56,44
DA:57,103
DA:58,8
DA:60,17
DA:61,0
DA:62,6
DA:64,79
DA:65,48
DA:67,16
DA:68,13
DA:69,17
DA:70,1
DA:71,0
DA:72,2
DA:84,0
DA:85,0
DA:86,0
DA:87,1
LF:90
LH:33
end_of_record
TN:
SF:src\features\monitoring.ts
FNF:13
FNH:0
DA:1,52
DA:4,170
DA:28,114
DA:29,24
DA:30,24
DA:34,10
DA:35,0
DA:36,0
DA:37,0
DA:38,0
DA:39,0
DA:40,0
DA:41,0
DA:42,0
DA:43,0
DA:44,28
DA:47,0
DA:48,0
DA:49,0
DA:50,0
DA:51,0
DA:52,0
DA:53,0
DA:54,0
DA:55,0
DA:56,0
DA:57,0
DA:58,49
DA:61,0
DA:62,0
DA:63,0
DA:64,0
DA:65,0
DA:66,0
DA:67,0
DA:68,44
DA:71,0
DA:72,0
DA:73,0
DA:74,0
DA:75,0
DA:76,0
DA:77,0
DA:78,0
DA:79,0
DA:80,0
DA:81,0
DA:82,0
DA:83,0
DA:84,0
DA:85,0
DA:86,0
DA:87,0
DA:88,0
DA:89,0
DA:90,0
DA:91,0
DA:92,0
DA:93,0
DA:94,0
DA:95,0
DA:96,0
DA:97,0
DA:98,0
DA:99,0
DA:100,0
DA:101,0
DA:102,0
DA:103,0
DA:104,0
DA:105,0
DA:106,0
DA:107,0
DA:108,0
DA:109,0
DA:110,0
DA:111,0
DA:112,0
DA:113,0
DA:114,0
DA:115,0
DA:116,0
DA:117,0
DA:118,0
DA:119,0
DA:120,0
DA:121,0
DA:122,0
DA:123,0
DA:124,0
DA:125,0
DA:126,0
DA:127,0
DA:128,0
DA:129,0
DA:130,0
DA:131,0
DA:132,0
DA:133,0
DA:134,0
DA:135,0
DA:136,0
DA:137,0
DA:138,0
DA:139,0
DA:140,0
DA:141,0
DA:142,0
DA:143,0
DA:144,0
DA:145,0
DA:146,0
DA:147,0
DA:148,0
DA:149,0
DA:150,0
DA:151,0
DA:152,0
DA:153,0
DA:154,0
DA:155,0
DA:156,0
DA:157,0
DA:158,0
DA:159,0
DA:160,0
DA:161,0
DA:162,0
DA:163,0
DA:164,0
DA:165,0
DA:166,0
DA:167,0
DA:168,0
DA:169,0
DA:170,0
DA:171,0
DA:172,0
DA:173,0
DA:174,0
DA:175,0
DA:176,0
DA:177,0
DA:178,0
DA:179,0
DA:180,0
DA:181,9
DA:184,0
DA:185,0
DA:186,0
DA:187,0
DA:188,0
DA:189,0
DA:190,0
DA:191,0
DA:192,0
DA:193,0
DA:194,0
DA:195,0
DA:196,7
DA:198,1
LF:199
LH:12
end_of_record
TN:
SF:src\features\node.ts
FNF:7
FNH:5
DA:3,105
DA:5,37
DA:7,46
DA:8,14
DA:9,17
DA:16,15
DA:17,94
DA:19,17
DA:20,0
DA:21,4
DA:23,39
DA:25,45
DA:26,11
DA:27,4
DA:29,11
DA:30,23
DA:31,0
DA:32,0
DA:33,0
DA:34,0
DA:35,0
DA:36,0
DA:37,0
DA:38,0
DA:39,0
DA:40,0
DA:41,0
DA:42,0
DA:43,0
DA:44,0
DA:45,0
DA:46,0
DA:47,0
DA:48,0
DA:49,0
DA:50,0
DA:51,0
DA:52,0
DA:53,0
DA:54,0
DA:55,0
DA:56,0
DA:57,1
DA:64,7
DA:65,69
DA:66,23
DA:67,14
DA:68,83
DA:69,79
DA:70,3
LF:73
LH:23
end_of_record
TN:
SF:src\features\queue.ts
FNF:6
FNH:5
DA:3,66
DA:5,37
DA:7,47
DA:8,14
DA:9,17
DA:18,23
DA:19,20
DA:20,32
DA:21,20
DA:22,6
DA:24,27
DA:25,27
DA:26,27
DA:27,32
DA:28,30
DA:29,5
DA:30,4
DA:32,62
DA:33,21
DA:34,18
DA:35,40
DA:36,8
DA:37,30
DA:38,7
DA:40,35
DA:41,58
DA:42,75
DA:43,9
DA:44,4
DA:46,24
DA:55,15
DA:56,11
DA:57,46
DA:58,17
DA:59,79
DA:60,0
DA:61,0
DA:62,0
DA:63,0
DA:64,0
DA:65,0
DA:66,0
DA:67,0
DA:68,0
DA:69,0
DA:70,0
DA:71,0
DA:72,0
DA:73,0
DA:74,0
DA:75,0
DA:76,0
DA:77,0
DA:78,1
LF:81
LH:36
end_of_record
TN:
SF:src\features\system.ts
FNF:4
FNH:3
DA:4,37
DA:6,48
DA:7,14
DA:8,17
DA:15,7
DA:16,65
DA:17,0
DA:18,0
DA:19,0
DA:20,0
DA:21,0
DA:22,0
DA:23,0
DA:24,0
DA:25,0
DA:26,0
DA:27,0
DA:28,0
DA:29,0
DA:30,0
DA:31,0
DA:32,0
DA:33,0
DA:34,0
DA:35,0
DA:36,0
DA:37,0
DA:38,0
DA:39,0
DA:40,0
DA:41,0
DA:42,0
DA:43,0
DA:44,0
DA:45,0
DA:46,0
DA:47,0
DA:48,1
LF:52
LH:7
end_of_record
TN:
SF:src\features\terminal.ts
FNF:3
FNH:1
DA:3,37
DA:5,50
DA:6,14
DA:7,0
DA:8,0
DA:9,0
DA:10,0
DA:11,0
DA:12,0
DA:13,0
DA:14,0
DA:15,0
DA:16,0
DA:17,0
DA:18,0
DA:19,0
DA:20,0
DA:21,0
DA:22,0
DA:23,0
DA:24,0
DA:25,0
DA:26,0
DA:27,0
DA:28,0
DA:29,0
DA:30,0
DA:31,0
DA:32,0
DA:33,0
DA:34,0
DA:35,0
DA:36,1
LF:39
LH:4
end_of_record
TN:
SF:src\features\user.ts
FNF:8
FNH:3
DA:3,37
DA:5,46
DA:6,14
DA:7,0
DA:8,0
DA:9,0
DA:10,0
DA:11,0
DA:12,0
DA:13,0
DA:14,0
DA:15,0
DA:16,0
DA:17,0
DA:18,0
DA:19,0
DA:20,0
DA:21,0
DA:22,0
DA:23,0
DA:24,0
DA:25,0
DA:26,0
DA:27,0
DA:28,0
DA:29,0
DA:30,0
DA:31,0
DA:32,0
DA:33,0
DA:34,0
DA:35,0
DA:36,0
DA:37,0
DA:38,0
DA:39,0
DA:40,0
DA:41,0
DA:42,0
DA:43,0
DA:44,0
DA:45,0
DA:46,0
DA:47,0
DA:48,0
DA:49,0
DA:50,0
DA:51,0
DA:52,0
DA:53,0
DA:54,0
DA:55,0
DA:56,0
DA:57,0
DA:58,0
DA:59,0
DA:60,0
DA:61,0
DA:62,0
DA:63,0
DA:64,0
DA:65,1
DA:74,16
DA:75,73
DA:76,21
DA:77,18
DA:78,40
DA:79,8
DA:80,31
DA:81,7
LF:84
LH:12
end_of_record
TN:
SF:src\index.ts
FNF:1
FNH:1
DA:1,36
DA:2,45
DA:3,47
DA:4,49
DA:7,30
LF:8
LH:5
end_of_record
TN:
SF:src\pool.ts
FNF:62
FNH:42
DA:29,78
DA:33,112
DA:37,120
DA:41,126
DA:44,90
DA:45,30
DA:46,30
DA:51,10
DA:53,54
DA:54,32
DA:55,34
DA:56,24
DA:60,10
DA:61,44
DA:62,50
DA:63,43
DA:65,13
DA:66,18
DA:70,52
DA:71,12
DA:81,10
DA:82,24
DA:83,42
DA:85,115
DA:86,62
DA:87,57
DA:88,13
DA:89,84
DA:90,9
DA:91,105
DA:92,92
DA:93,9
DA:95,0
DA:96,0
DA:97,0
DA:98,11
DA:99,20
DA:101,81
DA:102,97
DA:103,0
DA:104,0
DA:105,70
DA:106,17
DA:109,38
DA:110,73
DA:111,66
DA:112,9
DA:113,67
DA:116,4
DA:117,12
DA:118,20
DA:119,18
DA:120,10
DA:121,102
DA:122,138
DA:123,29
DA:126,0
DA:127,0
DA:128,0
DA:129,0
DA:130,0
DA:131,0
DA:132,0
DA:133,18
DA:139,34
DA:140,87
DA:141,163
DA:142,12
DA:143,53
DA:152,37
DA:153,96
DA:154,60
DA:155,40
DA:156,48
DA:157,40
DA:158,34
DA:159,14
DA:160,94
DA:161,183
DA:168,23
DA:169,174
DA:172,46
DA:175,93
DA:176,26
DA:177,214
DA:178,48
DA:179,19
DA:180,86
DA:182,12
DA:185,44
DA:186,54
DA:189,60
DA:191,79
DA:192,98
DA:193,88
DA:194,9
DA:196,118
DA:205,0
DA:206,0
DA:207,38
DA:217,0
DA:218,0
DA:219,0
DA:220,0
DA:221,0
DA:222,0
DA:223,7
DA:232,34
DA:233,42
DA:234,154
DA:243,0
DA:244,31
DA:252,0
DA:253,51
DA:266,5
DA:267,10
DA:268,16
DA:269,28
DA:279,18
DA:296,10
DA:297,122
DA:298,102
DA:300,98
DA:301,167
DA:302,44
DA:303,138
DA:304,138
DA:305,54
DA:307,72
DA:308,36
DA:310,82
DA:311,198
DA:312,34
DA:313,100
DA:314,200
DA:315,55
DA:316,46
DA:317,52
DA:318,228
DA:321,207
DA:322,84
DA:323,38
DA:324,104
DA:325,192
DA:326,4
DA:327,32
DA:330,67
DA:331,87
DA:332,48
DA:333,43
DA:335,38
DA:336,104
DA:337,194
DA:338,4
DA:339,32
DA:340,102
DA:345,30
DA:346,84
DA:347,98
DA:348,66
DA:349,49
DA:351,56
DA:352,45
DA:353,23
DA:354,60
DA:355,109
DA:360,64
DA:361,9
DA:373,7
DA:374,12
DA:375,16
DA:376,28
DA:386,10
DA:387,162
DA:390,58
DA:391,38
DA:392,82
DA:393,80
DA:394,4
DA:395,12
DA:396,88
DA:397,69
DA:398,75
DA:399,194
DA:400,13
DA:401,54
DA:402,225
DA:403,125
DA:404,38
DA:405,82
DA:406,118
DA:407,4
DA:408,20
DA:409,17
DA:410,129
DA:411,152
DA:412,13
DA:413,13
DA:414,146
DA:415,91
DA:416,56
DA:417,10
DA:418,12
DA:419,0
DA:420,0
DA:421,0
DA:422,0
DA:423,0
DA:424,0
DA:425,0
DA:426,0
DA:427,7
DA:428,12
DA:429,0
DA:430,0
DA:431,0
DA:432,0
DA:433,0
DA:434,0
DA:435,0
DA:436,7
DA:437,12
DA:438,0
DA:439,0
DA:440,0
DA:441,0
DA:442,0
DA:443,0
DA:444,0
DA:445,7
DA:446,12
DA:447,91
DA:448,53
DA:449,12
DA:450,0
DA:451,0
DA:452,0
DA:453,0
DA:454,0
DA:455,0
DA:456,0
DA:457,0
DA:458,0
DA:459,7
DA:460,12
DA:461,0
DA:462,0
DA:463,0
DA:464,0
DA:465,0
DA:466,0
DA:467,0
DA:468,0
DA:469,0
DA:470,0
DA:471,7
DA:472,12
DA:473,0
DA:474,27
DA:475,12
DA:476,0
DA:477,0
DA:478,0
DA:479,0
DA:480,0
DA:481,7
DA:482,12
DA:483,0
DA:484,0
DA:485,0
DA:486,0
DA:487,0
DA:488,7
DA:489,12
DA:490,0
DA:491,0
DA:492,0
DA:493,0
DA:494,0
DA:495,7
DA:496,12
DA:501,48
DA:504,96
DA:505,188
DA:508,65
DA:509,78
DA:510,0
DA:511,0
DA:512,0
DA:513,0
DA:514,0
DA:515,0
DA:516,0
DA:517,0
DA:518,0
DA:519,9
DA:520,6
DA:521,10
DA:524,39
DA:525,116
DA:526,45
DA:527,67
DA:528,14
DA:529,41
DA:530,27
DA:534,8
DA:535,8
DA:536,16
DA:537,28
DA:541,17
DA:542,10
DA:543,107
DA:544,89
DA:545,9
DA:546,151
DA:547,80
DA:548,52
DA:549,18
DA:550,98
DA:551,98
DA:552,22
DA:553,14
DA:554,38
DA:555,68
DA:556,96
DA:557,4
DA:558,12
DA:559,72
DA:562,106
DA:563,36
DA:564,58
DA:565,39
DA:566,115
DA:567,123
DA:568,13
DA:569,74
DA:570,42
DA:571,129
DA:572,76
DA:573,103
DA:574,73
DA:575,17
DA:576,103
DA:577,75
DA:578,17
DA:579,30
DA:580,16
DA:581,65
DA:582,56
DA:583,190
DA:584,29
DA:585,60
DA:586,99
DA:587,95
DA:588,24
DA:589,124
DA:590,29
DA:591,62
DA:592,122
DA:593,138
DA:594,30
DA:596,105
DA:597,188
DA:598,98
DA:599,63
DA:600,13
DA:601,76
DA:602,13
DA:605,31
DA:606,77
DA:607,17
DA:608,9
DA:609,180
DA:610,79
DA:611,80
DA:612,62
DA:613,26
DA:614,236
DA:615,110
DA:616,79
DA:617,46
DA:618,132
DA:619,30
DA:620,62
DA:621,29
DA:623,0
DA:624,0
DA:625,0
DA:626,0
DA:627,0
DA:628,0
DA:629,0
DA:630,0
DA:631,0
DA:632,0
DA:633,0
DA:634,0
DA:635,0
DA:636,0
DA:637,6
DA:639,2
DA:642,61
DA:643,0
DA:644,119
DA:646,3
LF:647
LH:302
end_of_record
TN:
SF:src\prompt-builder.ts
FNF:20
FNH:18
DA:1,112
DA:2,73
DA:9,1
DA:11,85
DA:12,84
DA:13,67
DA:14,79
DA:15,12
DA:16,69
DA:17,81
DA:18,12
DA:19,29
DA:27,21
DA:28,74
DA:29,26
DA:30,64
DA:31,62
DA:32,12
DA:33,110
DA:34,114
DA:35,102
DA:36,41
DA:53,32
DA:54,67
DA:55,40
DA:56,9
DA:57,72
DA:58,84
DA:59,41
DA:76,0
DA:77,0
DA:78,0
DA:79,0
DA:80,0
DA:81,0
DA:82,0
DA:83,0
DA:84,0
DA:85,24
DA:95,48
DA:96,85
DA:106,51
DA:107,70
DA:108,45
DA:118,54
DA:119,98
DA:120,113
DA:121,116
DA:122,9
DA:123,88
DA:124,45
DA:134,51
DA:135,91
DA:145,54
DA:146,74
DA:147,45
DA:157,51
DA:158,89
DA:171,61
DA:172,63
DA:173,58
DA:177,132
DA:178,44
DA:179,151
DA:180,47
DA:181,14
DA:186,82
DA:187,32
DA:188,46
DA:189,13
DA:190,70
DA:191,22
DA:192,13
DA:193,69
DA:194,74
DA:195,68
DA:196,103
DA:197,58
DA:198,32
DA:199,21
DA:200,70
DA:201,17
DA:202,100
DA:203,9
DA:204,9
DA:205,29
DA:218,0
DA:219,0
DA:220,0
DA:221,0
DA:222,0
DA:223,0
DA:224,0
DA:225,0
DA:226,0
DA:227,0
DA:228,0
DA:229,0
DA:230,0
DA:231,0
DA:232,0
DA:233,0
DA:234,0
DA:235,0
DA:236,0
DA:237,0
DA:238,0
DA:239,0
DA:240,0
DA:241,0
DA:242,0
DA:243,0
DA:244,0
DA:245,0
DA:246,22
DA:252,22
DA:253,33
DA:259,24
DA:260,43
DA:267,38
DA:268,46
DA:269,68
DA:270,127
DA:271,193
DA:272,92
DA:273,9
DA:274,9
DA:275,53
DA:276,153
DA:277,9
DA:278,29
DA:285,41
DA:286,70
DA:287,133
DA:288,86
DA:289,103
DA:290,119
DA:291,141
DA:292,7
DA:293,5
DA:294,5
DA:295,18
DA:299,22
DA:300,28
DA:301,52
DA:302,76
DA:303,80
DA:304,66
DA:305,23
DA:308,32
DA:309,112
DA:310,116
DA:311,136
DA:312,102
DA:313,106
DA:314,98
DA:315,34
DA:317,2
LF:318
LH:121
end_of_record
TN:
SF:src\tools.ts
FNF:6
FNH:6
DA:1,40
DA:2,58
DA:5,75
DA:7,61
DA:13,39
DA:14,34
DA:17,42
DA:18,32
LF:20
LH:8
end_of_record
TN:
SF:src\types\api.ts
FNF:1
FNH:1
DA:1,48
DA:5,28
DA:9,22
DA:13,27
LF:228
LH:4
end_of_record
TN:
SF:src\types\error.ts
FNF:3
FNH:2
DA:1,111
DA:2,94
DA:3,94
DA:4,102
DA:5,94
DA:6,110
DA:7,94
DA:8,130
DA:9,96
DA:12,92
DA:13,56
DA:15,22
DA:16,2
DA:18,114
DA:19,56
DA:20,88
DA:21,2
DA:23,114
DA:24,56
DA:25,88
DA:26,2
DA:28,118
DA:29,60
DA:30,98
DA:32,18
DA:34,26
DA:36,12
DA:38,18
DA:40,22
DA:42,36
DA:44,17
DA:46,43
DA:55,10
DA:56,108
DA:57,33
DA:58,64
DA:59,80
DA:60,52
DA:61,64
DA:62,72
DA:63,100
DA:64,160
DA:65,8
DA:67,2
DA:69,116
DA:70,58
DA:71,88
DA:72,2
DA:74,122
DA:75,64
DA:76,104
DA:77,2
DA:79,114
DA:80,56
DA:81,88
DA:82,2
DA:84,132
DA:85,74
DA:86,124
DA:87,2
DA:89,114
DA:90,56
DA:91,88
DA:92,1
LF:93
LH:64
end_of_record
TN:
SF:src\types\manager.ts
FNF:5
FNH:5
DA:4,85
DA:5,56
DA:6,49
DA:9,54
DA:10,42
DA:11,34
DA:12,30
DA:13,28
DA:14,30
DA:15,44
DA:16,40
DA:17,42
DA:18,44
DA:19,34
DA:20,36
DA:21,42
DA:22,29
DA:25,67
DA:26,42
DA:27,32
DA:28,30
DA:29,35
DA:32,112
DA:33,90
DA:34,104
DA:35,85
DA:37,69
DA:38,62
DA:39,58
DA:40,57
LF:167
LH:30
end_of_record
TN:
SF:src\utils\response-error.ts
FNF:4
FNH:3
DA:1,51
DA:4,10
DA:5,49
DA:6,59
DA:7,57
DA:8,0
DA:9,0
DA:10,0
DA:11,0
DA:12,0
DA:13,0
DA:14,0
DA:15,1
DA:18,14
DA:19,15
DA:20,22
DA:21,52
DA:22,41
DA:23,11
DA:24,41
DA:25,2
DA:26,2
DA:27,19
DA:28,11
DA:29,45
DA:30,41
DA:31,2
DA:32,11
DA:33,61
DA:36,60
DA:37,61
DA:38,28
DA:39,24
DA:40,32
DA:41,18
DA:42,24
DA:43,13
DA:44,20
DA:45,8
DA:46,3
DA:49,0
DA:50,0
DA:51,0
DA:52,0
DA:53,0
DA:54,0
LF:56
LH:33
end_of_record
TN:
SF:test\builder.spec.ts
FNF:9
FNH:9
DA:1,51
DA:2,53
DA:4,80
DA:6,52
DA:7,20
DA:9,21
DA:10,66
DA:11,4
DA:13,60
DA:14,57
DA:15,61
DA:17,92
DA:18,4
DA:20,50
DA:21,47
DA:23,58
DA:24,4
DA:26,53
DA:27,57
DA:28,61
DA:30,39
DA:31,20
DA:32,8
DA:33,24
DA:35,62
DA:36,65
DA:37,64
DA:38,4
DA:40,79
DA:41,72
DA:42,110
DA:43,106
DA:44,74
DA:45,71
DA:46,77
DA:47,87
DA:48,79
DA:49,76
DA:50,4
DA:52,58
DA:53,48
DA:55,50
DA:56,63
DA:57,75
DA:58,75
DA:59,4
DA:61,50
DA:62,44
DA:63,35
DA:64,4
DA:66,68
DA:67,48
DA:68,45
DA:69,3
DA:70,2
LF:71
LH:55
end_of_record
TN:
SF:test\enqueue-error.spec.ts
FNF:12
FNH:12
DA:1,80
DA:2,41
DA:3,54
DA:4,50
DA:5,67
DA:9,24
DA:10,57
DA:12,36
DA:13,46
DA:14,39
DA:15,29
DA:16,32
DA:17,15
DA:18,82
DA:19,123
DA:22,80
DA:23,76
DA:26,50
DA:27,10
DA:28,89
DA:30,21
DA:31,62
DA:32,64
DA:33,4
DA:35,47
DA:36,95
DA:38,100
DA:40,36
DA:41,45
DA:42,17
DA:43,69
DA:45,56
DA:48,57
DA:49,57
DA:51,76
DA:52,4
DA:54,58
DA:55,102
DA:57,96
DA:58,36
DA:59,45
DA:60,17
DA:61,69
DA:63,56
DA:64,57
DA:65,57
DA:66,77
DA:67,3
DA:68,2
LF:69
LH:49
end_of_record
TN:
SF:test\features-extensions.spec.ts
FNF:19
FNH:19
DA:1,80
DA:2,41
DA:6,24
DA:7,57
DA:9,36
DA:10,46
DA:11,39
DA:12,29
DA:13,32
DA:14,15
DA:15,73
DA:16,123
DA:19,80
DA:20,76
DA:23,50
DA:24,10
DA:25,64
DA:27,21
DA:28,62
DA:29,39
DA:30,4
DA:32,69
DA:33,95
DA:34,87
DA:35,61
DA:36,54
DA:37,59
DA:38,48
DA:39,4
DA:41,79
DA:43,63
DA:45,67
DA:47,58
DA:49,50
DA:51,121
DA:52,34
DA:53,54
DA:54,40
DA:55,64
DA:56,61
DA:57,50
DA:58,4
DA:60,65
DA:61,85
DA:62,97
DA:63,58
DA:64,46
DA:65,48
DA:66,67
DA:67,45
DA:68,4
DA:70,72
DA:73,62
DA:74,4
DA:76,45
DA:77,67
DA:78,65
DA:79,39
DA:80,39
DA:81,4
DA:83,76
DA:84,59
DA:85,22
DA:86,65
DA:87,22
DA:88,91
DA:89,29
DA:90,32
DA:91,68
DA:92,3
DA:93,2
LF:94
LH:71
end_of_record
TN:
SF:test\features.spec.ts
FNF:28
FNH:28
DA:1,80
DA:2,34
DA:11,21
DA:17,3
DA:19,17
DA:20,40
DA:23,36
DA:24,46
DA:25,39
DA:26,29
DA:27,32
DA:28,10
DA:30,0
DA:31,2
DA:32,22
DA:33,88
DA:34,2
DA:35,107
DA:36,31
DA:37,31
DA:38,65
DA:39,3
DA:42,71
DA:43,66
DA:46,83
DA:47,79
DA:51,69
DA:53,47
DA:54,10
DA:55,64
DA:57,21
DA:58,62
DA:59,64
DA:60,4
DA:62,76
DA:63,53
DA:64,75
DA:65,44
DA:67,55
DA:68,55
DA:70,53
DA:71,53
DA:72,4
DA:74,65
DA:75,75
DA:76,56
DA:78,37
DA:79,4
DA:81,59
DA:82,67
DA:83,56
DA:84,51
DA:85,4
DA:87,52
DA:88,96
DA:89,48
DA:90,4
DA:92,66
DA:93,72
DA:94,15
DA:95,18
DA:96,51
DA:97,6
DA:98,50
DA:99,27
DA:100,4
DA:102,90
DA:104,47
DA:105,19
DA:106,18
DA:107,23
DA:108,55
DA:109,41
DA:110,9
DA:111,7
DA:112,5
DA:113,7
DA:114,53
DA:115,44
DA:116,46
DA:117,4
DA:119,63
DA:121,91
DA:122,54
DA:123,38
DA:124,4
DA:126,52
DA:127,44
DA:128,50
DA:129,4
DA:131,68
DA:132,56
DA:133,105
DA:134,81
DA:135,51
DA:136,43
DA:137,4
DA:139,60
DA:140,50
DA:141,65
DA:142,35
DA:143,4
DA:145,75
DA:146,65
DA:147,56
DA:148,49
DA:149,3
DA:150,2
LF:151
LH:107
end_of_record
TN:
SF:test\pool.spec.ts
FNF:84
FNH:81
DA:11,1
DA:13,31
DA:14,24
DA:15,34
DA:16,126
DA:19,20
DA:20,44
DA:22,44
DA:23,30
DA:26,34
DA:27,94
DA:30,23
DA:31,52
DA:34,98
DA:35,82
DA:36,44
DA:37,34
DA:38,44
DA:39,78
DA:40,14
DA:41,10
DA:42,12
DA:43,124
DA:46,40
DA:47,46
DA:48,153
DA:50,2
DA:52,114
DA:54,59
DA:55,28
DA:57,43
DA:58,165
DA:59,8
DA:61,110
DA:62,80
DA:63,46
DA:64,80
DA:65,38
DA:66,80
DA:67,62
DA:68,36
DA:69,8
DA:71,128
DA:72,124
DA:73,36
DA:74,40
DA:75,47
DA:76,182
DA:77,182
DA:78,177
DA:79,14
DA:81,114
DA:82,36
DA:83,8
DA:85,102
DA:86,130
DA:87,36
DA:88,40
DA:89,67
DA:90,210
DA:91,9
DA:93,108
DA:94,36
DA:95,8
DA:97,160
DA:98,128
DA:99,36
DA:101,68
DA:102,68
DA:103,68
DA:104,40
DA:105,194
DA:106,58
DA:107,36
DA:108,8
DA:110,166
DA:111,80
DA:112,36
DA:113,42
DA:114,50
DA:115,210
DA:116,206
DA:117,200
DA:118,14
DA:119,130
DA:121,36
DA:122,8
DA:124,148
DA:125,80
DA:126,36
DA:127,40
DA:128,266
DA:129,60
DA:130,266
DA:132,68
DA:133,36
DA:134,8
DA:136,156
DA:137,124
DA:138,36
DA:139,64
DA:140,138
DA:143,68
DA:144,68
DA:145,68
DA:148,88
DA:149,78
DA:151,40
DA:152,194
DA:153,58
DA:154,36
DA:155,8
DA:157,120
DA:159,166
DA:160,36
DA:161,42
DA:162,22
DA:163,58
DA:164,71
DA:165,62
DA:166,122
DA:167,36
DA:168,8
DA:170,104
DA:171,172
DA:172,36
DA:174,230
DA:175,50
DA:176,22
DA:177,156
DA:178,34
DA:179,91
DA:181,64
DA:182,36
DA:183,8
DA:185,118
DA:186,80
DA:187,36
DA:188,44
DA:189,42
DA:190,66
DA:191,56
DA:192,149
DA:193,76
DA:194,120
DA:195,108
DA:196,122
DA:197,36
DA:198,8
DA:200,148
DA:201,72
DA:202,72
DA:203,36
DA:204,44
DA:205,124
DA:206,44
DA:207,22
DA:208,250
DA:209,73
DA:210,64
DA:212,68
DA:213,86
DA:214,88
DA:215,144
DA:216,36
DA:217,8
DA:219,134
DA:220,80
DA:221,36
DA:222,46
DA:223,156
DA:225,44
DA:226,22
DA:227,250
DA:228,73
DA:229,64
DA:230,66
DA:232,108
DA:233,36
DA:234,8
DA:236,142
DA:237,80
DA:238,36
DA:239,64
DA:240,48
DA:241,112
DA:242,96
DA:243,44
DA:244,44
DA:245,82
DA:246,74
DA:247,36
DA:248,8
DA:250,82
DA:251,80
DA:252,36
DA:253,38
DA:255,38
DA:256,78
DA:257,8
DA:259,98
DA:260,130
DA:261,36
DA:262,80
DA:263,69
DA:264,208
DA:265,9
DA:266,82
DA:267,144
DA:268,90
DA:269,36
DA:270,8
DA:272,148
DA:273,80
DA:274,36
DA:275,38
DA:276,78
DA:277,6
DA:278,5
LF:279
LH:219
end_of_record
TN:
SF:test\prompt-builder.spec.ts
FNF:10
FNH:10
DA:1,68
DA:2,54
DA:6,23
DA:7,69
DA:8,83
DA:9,81
DA:10,2
DA:12,44
DA:13,47
DA:14,67
DA:15,35
DA:17,62
DA:18,4
DA:20,54
DA:21,67
DA:22,78
DA:23,57
DA:24,4
DA:26,47
DA:27,67
DA:28,78
DA:29,56
DA:30,4
DA:32,45
DA:33,19
DA:34,81
DA:35,6
DA:36,55
DA:37,63
DA:38,67
DA:39,4
DA:41,69
DA:42,63
DA:43,28
DA:44,31
DA:45,16
DA:46,29
DA:47,50
DA:48,48
DA:49,51
DA:50,46
DA:51,3
DA:52,2
LF:53
LH:43
end_of_record
TN:
SF:test\real.full.integration.spec.ts
FNF:3
FNH:1
DA:11,79
DA:12,41
DA:13,54
DA:14,50
DA:15,36
DA:16,54
DA:18,81
DA:19,62
DA:21,83
DA:23,15
DA:24,57
DA:25,0
DA:26,0
DA:27,0
DA:28,0
DA:29,0
DA:30,0
DA:31,0
DA:32,0
DA:33,0
DA:34,0
DA:35,0
DA:36,0
DA:37,0
DA:38,0
DA:39,0
DA:40,0
DA:41,0
DA:42,0
DA:43,0
DA:44,0
DA:45,0
DA:46,0
DA:47,0
DA:48,0
DA:49,0
DA:50,0
DA:51,0
DA:52,0
DA:53,0
DA:54,0
DA:55,0
DA:56,0
DA:57,0
DA:58,0
DA:59,0
DA:60,0
DA:61,0
DA:62,0
DA:63,0
DA:64,0
DA:65,0
DA:66,0
DA:67,0
DA:68,0
DA:69,0
DA:70,0
DA:71,0
DA:72,0
DA:73,0
DA:74,0
DA:75,0
DA:76,0
DA:77,0
DA:78,0
DA:79,0
DA:80,0
DA:81,0
DA:82,0
DA:83,0
DA:84,0
DA:85,0
DA:86,0
DA:87,0
DA:88,0
DA:89,0
DA:90,0
DA:91,0
DA:92,0
DA:93,0
DA:94,0
DA:95,0
DA:96,0
DA:97,0
DA:98,0
DA:99,0
DA:100,0
DA:101,0
DA:102,0
DA:103,0
DA:104,0
DA:105,0
DA:106,0
DA:107,0
DA:108,0
DA:109,0
DA:110,0
DA:111,0
DA:112,0
DA:113,0
DA:114,0
DA:115,0
DA:116,0
DA:117,0
DA:118,0
DA:119,0
DA:120,0
DA:121,0
DA:122,0
DA:123,0
DA:124,0
DA:125,0
DA:126,0
DA:127,0
DA:128,0
DA:129,0
DA:130,0
DA:131,0
DA:132,0
DA:133,0
DA:134,0
DA:135,0
DA:136,0
DA:137,0
DA:138,0
DA:139,0
DA:140,0
DA:141,0
DA:142,0
DA:143,0
DA:144,0
DA:145,0
DA:146,0
DA:147,0
DA:148,0
DA:149,0
DA:150,0
DA:151,0
DA:152,0
DA:153,0
DA:154,0
DA:155,0
DA:156,0
DA:157,0
DA:158,0
DA:159,0
DA:160,0
DA:161,0
DA:162,0
DA:163,0
DA:164,0
DA:165,0
DA:166,0
DA:167,0
DA:168,0
DA:169,0
DA:170,0
DA:171,0
DA:172,0
DA:173,0
DA:174,0
DA:175,0
DA:176,0
DA:177,0
DA:178,0
DA:179,0
DA:180,0
DA:181,0
DA:182,0
DA:183,0
DA:184,0
DA:185,0
DA:186,0
DA:187,0
DA:188,0
DA:189,0
DA:190,0
DA:191,0
DA:192,0
DA:193,0
DA:194,0
DA:195,0
DA:196,0
DA:197,0
DA:198,0
DA:199,0
DA:200,0
DA:201,0
DA:202,0
DA:203,0
DA:204,0
DA:205,0
DA:206,0
DA:207,0
DA:208,0
DA:209,0
DA:210,0
DA:211,0
DA:212,0
DA:213,0
DA:214,0
DA:215,0
DA:216,0
DA:217,0
DA:218,0
DA:219,0
DA:220,0
DA:221,0
DA:222,0
DA:223,0
DA:224,0
DA:225,0
DA:226,0
DA:227,0
DA:228,0
DA:229,0
DA:230,0
DA:231,0
DA:232,0
DA:233,0
DA:234,0
DA:235,0
DA:236,0
DA:237,0
DA:238,0
DA:239,0
DA:240,0
DA:241,0
DA:242,0
DA:243,0
DA:244,0
DA:245,0
DA:246,0
DA:247,0
DA:248,0
DA:249,0
DA:250,0
DA:251,0
DA:252,0
DA:253,0
DA:254,0
DA:255,0
DA:256,0
DA:257,0
DA:258,0
DA:259,0
DA:260,0
DA:261,0
DA:262,0
DA:263,0
DA:264,0
DA:265,0
DA:266,0
DA:267,0
DA:268,0
DA:269,0
DA:270,0
DA:271,0
DA:272,0
DA:273,0
DA:274,0
DA:275,0
DA:276,0
DA:277,0
DA:278,0
DA:279,0
DA:280,0
DA:281,0
DA:282,0
DA:283,0
DA:284,0
DA:285,0
DA:286,0
DA:287,0
DA:288,0
DA:289,0
DA:290,0
DA:291,0
DA:292,0
DA:293,0
DA:294,0
DA:295,0
DA:296,0
DA:297,0
DA:298,0
DA:299,0
DA:300,0
DA:301,0
DA:302,0
DA:303,0
DA:304,0
DA:305,0
DA:306,0
DA:307,0
DA:308,0
DA:309,0
DA:310,0
DA:311,0
DA:312,0
DA:313,0
DA:314,0
DA:315,0
DA:317,0
LF:319
LH:11
end_of_record
TN:
SF:test\real.integration.spec.ts
FNF:4
FNH:2
DA:13,79
DA:14,41
DA:16,47
DA:17,62
DA:19,9
DA:21,16
DA:25,15
DA:26,57
DA:27,60
DA:28,3
DA:29,0
DA:30,0
DA:31,0
DA:32,0
DA:33,0
DA:34,0
DA:35,0
DA:36,0
DA:37,0
DA:38,0
DA:39,0
DA:40,0
DA:41,0
DA:42,0
DA:43,0
DA:44,0
DA:45,0
DA:46,0
DA:47,0
DA:48,0
DA:49,0
DA:50,0
DA:51,0
DA:52,0
DA:53,0
DA:54,0
DA:55,0
DA:56,0
DA:57,0
DA:58,0
DA:59,0
DA:60,0
DA:61,0
DA:62,0
DA:63,0
DA:64,0
DA:65,0
DA:66,0
DA:67,0
DA:68,0
DA:69,0
DA:70,0
DA:71,0
DA:72,0
DA:73,0
DA:74,0
DA:75,0
DA:76,0
DA:78,0
LF:80
LH:10
end_of_record
TN:
SF:test\tools.spec.ts
FNF:11
FNH:11
DA:1,82
DA:3,29
DA:4,76
DA:5,22
DA:6,23
DA:7,31
DA:8,44
DA:9,41
DA:10,46
DA:11,3
DA:12,3
DA:14,25
DA:15,121
DA:16,24
DA:17,29
DA:18,18
DA:19,39
DA:21,47
DA:22,3
DA:23,3
DA:25,24
DA:26,73
DA:27,26
DA:28,55
DA:29,53
DA:30,46
DA:31,3
DA:32,3
DA:34,32
DA:35,57
DA:36,56
DA:37,34
DA:38,44
DA:39,3
DA:40,3
DA:42,35
DA:43,57
DA:44,58
DA:45,37
DA:46,43
DA:47,3
DA:48,2
LF:49
LH:42
end_of_record
