TN:
SF:src\call-wrapper.ts
FNF:40
FNH:31
DA:5,382
DA:6,129
DA:49,1
DA:56,59
DA:57,50
DA:58,54
DA:59,29
DA:68,0
DA:69,0
DA:70,18
DA:78,29
DA:79,52
DA:80,29
DA:89,0
DA:90,0
DA:91,18
DA:103,0
DA:104,0
DA:105,18
DA:115,12
DA:116,8
DA:126,10
DA:127,54
DA:128,29
DA:138,28
DA:139,50
DA:140,29
DA:148,0
DA:149,0
DA:150,23
DA:162,19
DA:166,80
DA:167,33
DA:169,29
DA:170,9
DA:172,52
DA:173,113
DA:174,65
DA:175,12
DA:177,46
DA:178,46
DA:179,63
DA:180,59
DA:181,12
DA:186,85
DA:187,141
DA:188,62
DA:189,20
DA:194,0
DA:195,0
DA:196,0
DA:197,0
DA:198,0
DA:199,0
DA:200,0
DA:201,0
DA:202,16
DA:207,154
DA:208,178
DA:211,56
DA:212,66
DA:213,52
DA:215,52
DA:217,74
DA:218,98
DA:219,148
DA:220,80
DA:221,47
DA:222,15
DA:223,7
DA:224,13
DA:226,64
DA:227,52
DA:228,13
DA:229,13
DA:231,132
DA:233,50
DA:235,32
DA:236,31
DA:237,32
DA:238,13
DA:239,13
DA:241,62
DA:242,56
DA:243,60
DA:244,180
DA:247,140
DA:249,54
DA:251,47
DA:252,47
DA:253,9
DA:255,130
DA:256,90
DA:258,37
DA:259,60
DA:260,60
DA:261,58
DA:262,31
DA:263,9
DA:264,57
DA:265,60
DA:266,60
DA:267,184
DA:268,56
DA:269,29
DA:270,9
DA:272,118
DA:274,55
DA:277,51
DA:278,48
DA:280,105
DA:281,63
DA:282,177
DA:283,7
DA:285,52
DA:288,106
DA:289,19
DA:290,101
DA:291,7
DA:292,32
DA:294,34
DA:295,33
DA:298,69
DA:299,90
DA:300,54
DA:301,19
DA:302,11
DA:304,68
DA:305,51
DA:306,44
DA:307,16
DA:308,11
DA:310,70
DA:311,51
DA:312,44
DA:313,16
DA:314,9
DA:315,7
DA:316,7
DA:320,70
DA:321,87
DA:322,79
DA:323,19
DA:324,11
DA:326,52
DA:327,87
DA:328,20
DA:329,67
DA:331,7
DA:332,7
DA:334,28
DA:335,5
DA:337,28
DA:340,26
DA:341,114
DA:343,93
DA:344,26
DA:345,119
DA:346,38
DA:347,64
DA:348,118
DA:349,35
DA:350,245
DA:352,34
DA:354,9
DA:356,170
DA:357,26
DA:358,95
DA:359,58
DA:360,88
DA:361,110
DA:362,62
DA:363,103
DA:364,64
DA:365,31
DA:366,18
DA:367,126
DA:369,23
DA:370,105
DA:372,29
DA:373,12
DA:374,33
DA:375,17
DA:376,9
DA:378,68
DA:379,76
DA:380,0
DA:381,71
DA:382,12
DA:383,33
DA:386,21
DA:387,19
DA:388,10
DA:389,142
DA:390,77
DA:391,106
DA:392,127
DA:393,102
DA:394,33
DA:395,31
DA:396,36
DA:398,9
DA:399,30
DA:402,47
DA:403,102
DA:404,44
DA:406,77
DA:407,74
DA:408,37
DA:409,76
DA:410,16
DA:411,29
DA:412,25
DA:413,9
DA:414,51
DA:416,9
DA:418,33
DA:421,20
DA:422,20
DA:423,32
DA:424,10
DA:425,120
DA:427,162
DA:428,173
DA:430,128
DA:431,76
DA:433,79
DA:434,108
DA:436,120
DA:437,47
DA:438,100
DA:439,140
DA:440,48
DA:441,16
DA:442,50
DA:443,60
DA:444,86
DA:447,71
DA:448,64
DA:449,112
DA:450,68
DA:451,20
DA:454,70
DA:455,71
DA:457,150
DA:458,74
DA:459,66
DA:460,69
DA:461,17
DA:462,9
DA:463,17
DA:464,174
DA:465,64
DA:466,56
DA:467,21
DA:470,170
DA:471,156
DA:472,236
DA:473,173
DA:474,108
DA:475,36
DA:476,174
DA:477,38
DA:478,16
DA:479,60
DA:480,53
DA:481,12
DA:484,36
DA:485,102
DA:486,85
DA:487,48
DA:488,60
DA:489,30
DA:491,4
DA:492,9
DA:495,0
DA:496,0
DA:497,0
DA:498,0
DA:499,0
DA:500,52
DA:503,13
DA:504,8
DA:505,20
DA:506,18
DA:507,10
DA:508,100
DA:509,226
DA:510,56
DA:511,38
DA:514,32
DA:515,80
DA:516,66
DA:517,64
DA:518,68
DA:519,66
DA:520,70
DA:521,62
DA:522,76
DA:523,76
DA:524,63
DA:526,2
LF:527
LH:280
end_of_record
TN:
SF:src\client.ts
FNF:54
FNH:44
DA:104,1
DA:106,26
DA:107,155
DA:108,78
DA:109,70
DA:110,48
DA:111,9
DA:114,4
DA:115,12
DA:116,20
DA:117,18
DA:118,10
DA:119,128
DA:120,102
DA:121,138
DA:122,97
DA:125,5
DA:126,12
DA:127,20
DA:128,18
DA:129,10
DA:130,136
DA:131,228
DA:132,108
DA:135,34
DA:136,96
DA:137,0
DA:138,82
DA:139,12
DA:140,52
DA:143,18
DA:144,83
DA:152,33
DA:153,71
DA:154,50
DA:155,22
DA:156,70
DA:157,7
DA:158,4
DA:159,9
DA:162,13
DA:163,12
DA:164,68
DA:165,12
DA:190,10
DA:191,24
DA:192,48
DA:193,80
DA:194,58
DA:195,59
DA:196,86
DA:197,54
DA:198,9
DA:199,48
DA:200,36
DA:201,9
DA:202,58
DA:203,46
DA:204,9
DA:205,55
DA:206,88
DA:207,9
DA:208,92
DA:209,22
DA:210,30
DA:211,16
DA:212,14
DA:213,29
DA:220,23
DA:221,96
DA:223,55
DA:224,108
DA:225,17
DA:226,9
DA:227,54
DA:230,42
DA:231,34
DA:232,24
DA:233,9
DA:236,54
DA:237,40
DA:238,30
DA:239,9
DA:242,47
DA:243,26
DA:245,70
DA:246,70
DA:247,74
DA:248,68
DA:251,8
DA:252,90
DA:253,97
DA:254,22
DA:255,56
DA:256,17
DA:259,62
DA:260,19
DA:261,71
DA:263,9
DA:266,69
DA:267,26
DA:268,62
DA:269,19
DA:270,75
DA:272,9
DA:275,22
DA:276,54
DA:277,48
DA:278,17
DA:279,60
DA:283,60
DA:285,110
DA:288,61
DA:289,172
DA:295,32
DA:296,71
DA:299,36
DA:300,82
DA:301,87
DA:302,32
DA:303,36
DA:304,198
DA:305,19
DA:306,46
DA:307,36
DA:308,114
DA:309,19
DA:310,34
DA:311,85
DA:313,26
DA:317,31
DA:318,22
DA:319,84
DA:320,68
DA:321,116
DA:322,29
DA:323,17
DA:324,47
DA:325,36
DA:326,33
DA:327,75
DA:328,15
DA:329,7
DA:330,7
DA:331,77
DA:332,0
DA:333,0
DA:334,0
DA:335,0
DA:336,0
DA:337,0
DA:338,0
DA:339,0
DA:340,0
DA:341,0
DA:342,31
DA:352,52
DA:353,41
DA:354,34
DA:355,9
DA:356,56
DA:357,62
DA:358,12
DA:359,52
DA:360,95
DA:367,54
DA:368,86
DA:369,134
DA:370,22
DA:371,114
DA:372,62
DA:373,18
DA:374,75
DA:375,51
DA:376,31
DA:377,43
DA:379,42
DA:380,92
DA:381,83
DA:382,79
DA:383,13
DA:384,46
DA:385,14
DA:386,69
DA:401,24
DA:403,102
DA:404,57
DA:411,74
DA:412,46
DA:413,68
DA:414,54
DA:415,12
DA:417,22
DA:418,110
DA:419,46
DA:420,40
DA:421,84
DA:422,20
DA:423,70
DA:424,18
DA:427,53
DA:428,126
DA:429,31
DA:430,13
DA:433,29
DA:434,21
DA:435,58
DA:436,0
DA:437,0
DA:438,0
DA:439,0
DA:440,0
DA:441,0
DA:442,0
DA:443,0
DA:444,0
DA:445,0
DA:446,0
DA:447,0
DA:448,0
DA:449,0
DA:450,0
DA:451,0
DA:452,0
DA:453,0
DA:454,0
DA:455,0
DA:456,0
DA:457,0
DA:458,0
DA:459,0
DA:460,0
DA:461,0
DA:462,0
DA:463,0
DA:464,0
DA:465,0
DA:466,0
DA:467,0
DA:468,0
DA:469,0
DA:470,0
DA:471,0
DA:472,0
DA:473,0
DA:474,0
DA:475,0
DA:476,0
DA:477,0
DA:478,0
DA:479,0
DA:480,0
DA:481,0
DA:482,0
DA:483,0
DA:484,0
DA:485,0
DA:486,0
DA:487,0
DA:488,0
DA:489,0
DA:490,0
DA:491,0
DA:492,0
DA:493,0
DA:494,0
DA:495,0
DA:496,0
DA:497,0
DA:498,0
DA:499,0
DA:500,0
DA:501,0
DA:502,0
DA:503,0
DA:504,0
DA:505,0
DA:506,0
DA:507,0
DA:508,0
DA:509,0
DA:510,0
DA:511,0
DA:512,0
DA:513,40
DA:521,20
DA:522,72
DA:523,58
DA:524,35
DA:525,118
DA:526,4
DA:527,47
DA:528,122
DA:529,54
DA:530,15
DA:537,51
DA:538,68
DA:540,67
DA:541,9
DA:542,186
DA:543,72
DA:544,96
DA:545,96
DA:546,92
DA:547,84
DA:548,104
DA:549,98
DA:550,15
DA:554,30
DA:555,118
DA:558,33
DA:559,70
DA:566,66
DA:567,58
DA:568,54
DA:570,40
DA:571,70
DA:572,11
DA:573,9
DA:575,52
DA:576,62
DA:577,12
DA:579,114
DA:580,208
DA:583,22
DA:584,88
DA:585,26
DA:586,18
DA:588,73
DA:589,106
DA:590,56
DA:591,120
DA:592,73
DA:595,71
DA:596,66
DA:597,58
DA:598,54
DA:599,88
DA:600,55
DA:601,118
DA:602,35
DA:603,140
DA:606,21
DA:607,86
DA:608,25
DA:609,24
DA:610,86
DA:613,41
DA:617,47
DA:618,87
DA:619,66
DA:620,30
DA:621,80
DA:622,38
DA:623,53
DA:624,48
DA:625,39
DA:626,18
DA:627,52
DA:628,30
DA:629,43
DA:630,48
DA:632,45
DA:633,29
DA:634,22
DA:635,57
DA:637,65
DA:638,31
DA:639,19
DA:640,88
DA:641,44
DA:643,96
DA:645,110
DA:646,94
DA:647,112
DA:648,144
DA:649,64
DA:650,103
DA:651,43
DA:652,185
DA:654,65
DA:655,82
DA:656,21
DA:657,20
DA:658,77
DA:660,25
DA:661,94
DA:665,75
DA:666,92
DA:669,89
DA:670,56
DA:671,156
DA:672,72
DA:673,28
DA:676,53
DA:677,0
DA:678,0
DA:679,0
DA:680,0
DA:681,0
DA:682,0
DA:683,14
DA:684,52
DA:685,9
DA:686,9
DA:693,36
DA:694,128
DA:697,54
DA:698,13
DA:699,42
DA:700,34
DA:701,19
DA:702,65
DA:704,9
DA:707,68
DA:709,0
DA:710,0
DA:711,0
DA:712,0
DA:713,0
DA:714,0
DA:715,0
DA:716,0
DA:717,0
DA:718,0
DA:719,0
DA:720,0
DA:721,0
DA:722,0
DA:723,0
DA:724,0
DA:725,0
DA:726,0
DA:727,0
DA:728,0
DA:729,0
DA:730,0
DA:731,0
DA:732,0
DA:733,0
DA:734,0
DA:735,0
DA:736,0
DA:737,0
DA:738,65
DA:743,126
DA:745,0
DA:746,0
DA:747,0
DA:748,0
DA:749,0
DA:750,0
DA:751,0
DA:752,0
DA:753,0
DA:754,0
DA:755,0
DA:756,0
DA:757,0
DA:758,0
DA:759,0
DA:760,0
DA:761,0
DA:762,0
DA:763,0
DA:764,0
DA:765,0
DA:766,0
DA:767,0
DA:768,0
DA:769,0
DA:770,0
DA:771,0
DA:772,0
DA:773,0
DA:774,0
DA:775,0
DA:776,0
DA:777,0
DA:778,0
DA:779,0
DA:780,0
DA:781,0
DA:782,0
DA:783,28
DA:795,85
DA:796,22
DA:797,74
DA:798,206
DA:799,16
DA:801,44
DA:802,112
DA:803,98
DA:804,13
DA:806,158
DA:807,96
DA:809,32
DA:810,26
DA:811,34
DA:812,9
DA:813,21
DA:814,106
DA:815,24
DA:827,88
DA:828,38
DA:829,206
DA:830,8
DA:832,1
LF:833
LH:347
end_of_record
TN:
SF:src\constants.ts
FNF:1
FNH:1
DA:1,67
DA:2,49
DA:3,49
LF:4
LH:3
end_of_record
TN:
SF:src\features\abstract.ts
FNF:4
FNH:2
DA:5,1
DA:7,39
DA:8,24
DA:9,54
DA:12,27
DA:13,49
DA:16,0
DA:17,0
DA:18,44
DA:21,0
DA:22,55
DA:31,1
LF:32
LH:9
end_of_record
TN:
SF:src\features\base.ts
FNF:3
FNH:2
DA:4,1
DA:6,89
DA:8,0
DA:9,0
DA:10,0
DA:11,0
DA:12,22
DA:15,1
LF:16
LH:4
end_of_record
TN:
SF:src\features\feature-flags.ts
FNF:4
FNH:3
DA:2,37
DA:11,54
DA:12,14
DA:13,17
DA:16,7
DA:17,56
DA:18,12
DA:19,0
DA:20,4
DA:21,0
DA:22,0
DA:23,0
DA:24,0
DA:25,0
DA:26,0
DA:27,0
DA:28,0
DA:29,1
LF:32
LH:9
end_of_record
TN:
SF:src\features\file.ts
FNF:14
FNH:10
DA:4,37
DA:7,46
DA:8,14
DA:9,0
DA:10,0
DA:11,0
DA:12,0
DA:13,0
DA:14,0
DA:15,0
DA:16,0
DA:17,0
DA:18,0
DA:19,0
DA:20,0
DA:21,0
DA:22,0
DA:23,0
DA:24,0
DA:25,0
DA:26,0
DA:27,0
DA:28,0
DA:29,0
DA:30,0
DA:31,0
DA:32,0
DA:33,0
DA:34,0
DA:35,0
DA:36,0
DA:37,0
DA:38,0
DA:39,0
DA:40,0
DA:41,0
DA:42,0
DA:43,0
DA:44,0
DA:45,0
DA:46,0
DA:47,0
DA:48,0
DA:49,0
DA:50,0
DA:51,0
DA:52,0
DA:53,0
DA:54,0
DA:55,0
DA:56,0
DA:57,0
DA:58,0
DA:59,0
DA:60,0
DA:61,0
DA:62,0
DA:63,0
DA:64,0
DA:65,0
DA:66,0
DA:67,0
DA:68,0
DA:69,0
DA:70,0
DA:71,0
DA:72,0
DA:73,0
DA:74,0
DA:75,0
DA:76,0
DA:77,0
DA:78,0
DA:79,0
DA:80,0
DA:81,0
DA:82,0
DA:83,0
DA:84,0
DA:85,0
DA:86,0
DA:87,1
DA:96,17
DA:97,26
DA:98,100
DA:99,0
DA:100,0
DA:101,0
DA:102,0
DA:103,0
DA:104,0
DA:105,0
DA:106,0
DA:107,0
DA:108,1
DA:116,11
DA:117,70
DA:127,1
DA:128,6
DA:129,6
DA:130,10
DA:134,57
DA:135,5
DA:136,123
DA:137,21
DA:138,18
DA:139,58
DA:140,8
DA:141,54
DA:142,11
DA:143,7
DA:145,62
DA:146,0
DA:147,4
DA:149,17
DA:157,11
DA:158,92
DA:159,20
DA:160,7
DA:162,28
DA:163,0
DA:164,0
DA:165,0
DA:166,0
DA:167,0
DA:168,0
DA:169,0
DA:170,0
DA:171,0
DA:172,0
DA:173,0
DA:174,0
DA:175,0
DA:176,0
DA:177,0
DA:178,0
DA:179,0
DA:180,0
DA:181,0
DA:182,0
DA:183,0
DA:184,1
DA:194,26
DA:195,44
DA:196,40
DA:197,10
DA:198,41
DA:199,34
DA:200,4
DA:201,6
DA:203,37
DA:204,28
DA:205,0
DA:206,4
DA:208,24
LF:211
LH:45
end_of_record
TN:
SF:src\features\history.ts
FNF:5
FNH:5
DA:4,37
DA:7,49
DA:8,14
DA:9,17
DA:17,21
DA:18,82
DA:19,24
DA:23,15
DA:24,72
DA:25,42
DA:26,26
LF:29
LH:11
end_of_record
TN:
SF:src\features\manager.ts
FNF:26
FNH:9
DA:1,43
DA:16,45
DA:25,53
DA:26,7
DA:27,48
DA:28,26
DA:29,26
DA:30,4
DA:31,23
DA:34,8
DA:35,26
DA:38,20
DA:39,20
DA:40,0
DA:41,4
DA:42,0
DA:43,0
DA:44,0
DA:45,0
DA:46,0
DA:47,0
DA:48,0
DA:49,0
DA:50,0
DA:51,0
DA:52,0
DA:53,0
DA:54,1
DA:57,7
DA:58,57
DA:59,46
DA:60,27
DA:61,18
DA:62,0
DA:63,2
DA:75,21
DA:76,25
DA:77,77
DA:78,27
DA:79,38
DA:80,33
DA:81,49
DA:82,26
DA:83,14
DA:84,20
DA:85,40
DA:86,32
DA:87,34
DA:88,38
DA:89,41
DA:90,9
DA:91,6
DA:92,16
DA:93,0
DA:94,0
DA:95,0
DA:96,0
DA:97,0
DA:98,0
DA:99,0
DA:100,0
DA:101,0
DA:102,0
DA:103,0
DA:104,0
DA:105,0
DA:106,0
DA:107,0
DA:108,0
DA:109,0
DA:110,0
DA:111,0
DA:112,0
DA:113,0
DA:114,0
DA:115,0
DA:116,0
DA:117,0
DA:118,0
DA:119,0
DA:120,0
DA:121,0
DA:122,0
DA:123,0
DA:124,0
DA:125,0
DA:126,0
DA:127,0
DA:128,0
DA:129,0
DA:130,0
DA:131,0
DA:132,0
DA:133,0
DA:134,0
DA:135,0
DA:136,0
DA:137,0
DA:138,0
DA:139,0
DA:140,0
DA:141,0
DA:142,0
DA:143,0
DA:144,0
DA:145,0
DA:146,0
DA:147,0
DA:148,0
DA:149,0
DA:150,0
DA:151,0
DA:152,0
DA:153,0
DA:154,0
DA:155,0
DA:156,0
DA:157,0
DA:158,0
DA:159,0
DA:160,0
DA:161,0
DA:162,0
DA:163,0
DA:164,0
DA:165,0
DA:166,0
DA:167,0
DA:168,0
DA:169,0
DA:170,0
DA:171,0
DA:172,0
DA:173,0
DA:174,0
DA:175,0
DA:176,0
DA:177,0
DA:178,0
DA:179,0
DA:180,0
DA:181,0
DA:182,0
DA:183,0
DA:184,0
DA:185,0
DA:186,0
DA:187,0
DA:188,0
DA:189,0
DA:190,0
DA:191,0
DA:192,0
DA:193,0
DA:194,0
DA:195,0
DA:196,0
DA:197,0
DA:198,0
DA:199,0
DA:200,0
DA:201,0
DA:202,0
DA:203,0
DA:204,0
DA:205,0
DA:206,0
DA:207,0
DA:208,0
DA:209,0
DA:210,0
DA:211,0
DA:212,0
DA:213,0
DA:214,0
DA:215,0
DA:216,0
DA:217,0
DA:218,0
DA:219,0
DA:220,0
DA:221,0
DA:222,0
DA:223,0
DA:224,0
DA:225,0
DA:226,0
DA:227,0
DA:228,0
DA:229,0
DA:230,0
DA:231,0
DA:232,0
DA:233,0
DA:234,0
DA:235,0
DA:236,0
DA:237,0
DA:238,0
DA:239,0
DA:240,0
DA:241,0
DA:242,0
DA:243,0
DA:244,0
DA:245,0
DA:246,0
DA:247,0
DA:248,0
DA:249,0
DA:250,0
DA:251,0
DA:252,0
DA:253,0
DA:254,0
DA:255,0
DA:256,0
DA:257,0
DA:258,0
DA:259,0
DA:260,0
DA:261,0
DA:262,0
DA:263,0
DA:264,0
DA:265,0
DA:266,0
DA:267,0
DA:268,0
DA:269,0
DA:270,0
DA:271,0
DA:272,0
DA:273,0
DA:274,0
DA:275,0
DA:276,0
DA:277,0
DA:278,0
DA:279,0
DA:280,0
DA:281,0
DA:282,0
DA:283,0
DA:284,0
DA:285,0
DA:286,0
DA:287,0
DA:288,0
DA:289,0
DA:290,0
DA:291,0
DA:292,0
DA:293,0
DA:294,0
DA:295,0
DA:296,0
DA:297,0
DA:298,0
DA:299,0
DA:300,0
DA:301,0
DA:302,0
DA:303,0
DA:304,0
DA:305,0
DA:306,0
DA:307,0
DA:308,0
DA:309,0
DA:310,0
DA:311,0
DA:312,0
DA:313,0
DA:314,0
DA:315,0
DA:316,0
DA:317,0
DA:318,0
DA:319,0
DA:320,0
DA:321,0
DA:322,0
DA:323,0
DA:324,0
DA:325,0
DA:326,0
DA:327,0
DA:328,0
DA:329,0
DA:330,0
DA:331,0
DA:332,0
DA:333,0
DA:334,0
DA:335,0
DA:336,0
DA:337,0
DA:338,0
DA:339,0
DA:340,0
DA:341,0
DA:342,0
DA:343,0
DA:344,0
DA:345,0
DA:346,0
DA:347,0
DA:348,0
DA:349,0
DA:350,0
DA:351,0
DA:352,0
DA:353,0
DA:354,0
DA:355,0
DA:356,0
DA:357,1
LF:360
LH:40
end_of_record
TN:
SF:src\features\misc.ts
FNF:5
FNH:4
DA:3,37
DA:6,46
DA:7,14
DA:8,0
DA:9,0
DA:10,0
DA:11,0
DA:12,0
DA:13,0
DA:14,0
DA:15,0
DA:16,0
DA:17,1
DA:24,7
DA:25,28
DA:26,11
DA:27,83
DA:28,41
DA:29,32
DA:30,58
DA:31,0
DA:32,0
DA:33,0
DA:34,4
DA:36,0
DA:37,4
DA:39,13
DA:41,0
DA:42,0
DA:43,0
DA:44,0
DA:45,0
DA:47,4
DA:48,13
DA:49,0
DA:50,4
DA:51,16
LF:54
LH:18
end_of_record
TN:
SF:src\features\model.ts
FNF:8
FNH:7
DA:4,37
DA:7,47
DA:8,14
DA:9,17
DA:17,7
DA:18,11
DA:19,72
DA:20,17
DA:21,0
DA:22,6
DA:23,22
DA:24,0
DA:25,2
DA:35,13
DA:36,11
DA:37,102
DA:38,17
DA:39,0
DA:40,6
DA:41,22
DA:42,0
DA:43,2
DA:55,34
DA:56,11
DA:57,44
DA:58,103
DA:59,8
DA:61,17
DA:62,0
DA:63,6
DA:65,79
DA:66,48
DA:68,16
DA:69,13
DA:70,17
DA:71,1
DA:72,0
DA:73,2
DA:85,0
DA:86,0
DA:87,0
DA:88,1
LF:91
LH:33
end_of_record
TN:
SF:src\features\monitoring.ts
FNF:17
FNH:7
DA:1,52
DA:4,170
DA:29,114
DA:30,24
DA:31,24
DA:35,10
DA:36,0
DA:37,0
DA:38,0
DA:39,0
DA:40,0
DA:41,0
DA:42,0
DA:43,0
DA:44,0
DA:45,28
DA:48,23
DA:49,0
DA:50,66
DA:51,12
DA:52,0
DA:53,0
DA:54,0
DA:55,0
DA:56,0
DA:57,0
DA:58,0
DA:59,49
DA:62,0
DA:63,0
DA:64,0
DA:65,0
DA:66,0
DA:67,0
DA:68,0
DA:69,44
DA:72,0
DA:73,0
DA:74,0
DA:75,0
DA:76,0
DA:77,0
DA:78,0
DA:79,0
DA:80,0
DA:81,0
DA:82,0
DA:83,0
DA:84,0
DA:85,0
DA:86,0
DA:87,0
DA:88,0
DA:89,0
DA:90,0
DA:91,0
DA:92,0
DA:93,0
DA:94,0
DA:95,0
DA:96,0
DA:97,0
DA:98,0
DA:99,0
DA:100,0
DA:101,0
DA:102,0
DA:103,0
DA:104,0
DA:105,0
DA:106,0
DA:107,0
DA:108,0
DA:109,0
DA:110,0
DA:111,0
DA:112,0
DA:113,0
DA:114,0
DA:115,0
DA:116,0
DA:117,0
DA:118,0
DA:119,0
DA:120,0
DA:121,0
DA:122,0
DA:123,0
DA:124,0
DA:125,0
DA:126,14
DA:132,34
DA:133,55
DA:134,29
DA:135,5
DA:136,61
DA:137,21
DA:138,45
DA:139,15
DA:145,26
DA:146,55
DA:147,27
DA:148,5
DA:149,67
DA:150,17
DA:151,23
DA:152,5
DA:153,24
DA:159,26
DA:160,55
DA:161,27
DA:162,5
DA:163,67
DA:164,17
DA:165,23
DA:166,5
DA:167,0
DA:168,0
DA:169,0
DA:170,0
DA:171,0
DA:172,0
DA:173,0
DA:174,0
DA:175,0
DA:176,0
DA:177,0
DA:178,0
DA:179,0
DA:180,0
DA:181,0
DA:182,9
DA:185,0
DA:186,0
DA:187,0
DA:188,0
DA:189,0
DA:190,0
DA:191,0
DA:192,0
DA:193,0
DA:194,0
DA:195,0
DA:196,0
DA:197,7
DA:199,1
LF:200
LH:41
end_of_record
TN:
SF:src\features\node.ts
FNF:7
FNH:5
DA:3,105
DA:5,37
DA:8,46
DA:9,14
DA:10,17
DA:17,15
DA:18,94
DA:20,17
DA:21,0
DA:22,4
DA:24,39
DA:26,45
DA:27,11
DA:28,4
DA:30,11
DA:31,23
DA:32,0
DA:33,0
DA:34,0
DA:35,0
DA:36,0
DA:37,0
DA:38,0
DA:39,0
DA:40,0
DA:41,0
DA:42,0
DA:43,0
DA:44,0
DA:45,0
DA:46,0
DA:47,0
DA:48,0
DA:49,0
DA:50,0
DA:51,0
DA:52,0
DA:53,0
DA:54,0
DA:55,0
DA:56,0
DA:57,0
DA:58,1
DA:65,7
DA:66,69
DA:67,23
DA:68,14
DA:69,83
DA:70,79
DA:71,3
LF:74
LH:23
end_of_record
TN:
SF:src\features\queue.ts
FNF:6
FNH:5
DA:3,66
DA:5,37
DA:11,47
DA:12,14
DA:13,17
DA:21,23
DA:22,20
DA:23,32
DA:24,20
DA:25,6
DA:27,27
DA:28,27
DA:29,27
DA:30,32
DA:31,30
DA:32,5
DA:33,4
DA:35,62
DA:36,21
DA:37,18
DA:38,40
DA:39,8
DA:40,30
DA:41,7
DA:43,35
DA:44,58
DA:45,75
DA:46,9
DA:47,4
DA:49,24
DA:53,15
DA:54,11
DA:55,46
DA:56,17
DA:57,79
DA:58,0
DA:59,0
DA:60,0
DA:61,0
DA:62,0
DA:63,0
DA:64,0
DA:65,0
DA:66,0
DA:67,0
DA:68,0
DA:69,0
DA:70,0
DA:71,0
DA:72,0
DA:73,0
DA:74,1
LF:77
LH:36
end_of_record
TN:
SF:src\features\system.ts
FNF:4
FNH:3
DA:4,37
DA:7,48
DA:8,14
DA:9,17
DA:16,7
DA:17,65
DA:18,0
DA:19,0
DA:20,0
DA:21,0
DA:22,0
DA:23,0
DA:24,0
DA:25,0
DA:26,0
DA:27,0
DA:28,0
DA:29,0
DA:30,0
DA:31,0
DA:32,0
DA:33,0
DA:34,0
DA:35,0
DA:36,0
DA:37,0
DA:38,0
DA:39,0
DA:40,0
DA:41,0
DA:42,0
DA:43,0
DA:44,0
DA:45,0
DA:46,0
DA:47,0
DA:48,0
DA:49,1
LF:53
LH:7
end_of_record
TN:
SF:src\features\terminal.ts
FNF:3
FNH:1
DA:3,37
DA:6,50
DA:7,14
DA:8,0
DA:9,0
DA:10,0
DA:11,0
DA:12,0
DA:13,0
DA:14,0
DA:15,0
DA:16,0
DA:17,0
DA:18,0
DA:19,0
DA:20,0
DA:21,0
DA:22,0
DA:23,0
DA:24,0
DA:25,0
DA:26,0
DA:27,0
DA:28,0
DA:29,0
DA:30,0
DA:31,0
DA:32,0
DA:33,0
DA:34,0
DA:35,0
DA:36,0
DA:37,1
LF:40
LH:4
end_of_record
TN:
SF:src\features\user.ts
FNF:8
FNH:3
DA:3,37
DA:6,46
DA:7,14
DA:8,0
DA:9,0
DA:10,0
DA:11,0
DA:12,0
DA:13,0
DA:14,0
DA:15,0
DA:16,0
DA:17,0
DA:18,0
DA:19,0
DA:20,0
DA:21,0
DA:22,0
DA:23,0
DA:24,0
DA:25,0
DA:26,0
DA:27,0
DA:28,0
DA:29,0
DA:30,0
DA:31,0
DA:32,0
DA:33,0
DA:34,0
DA:35,0
DA:36,0
DA:37,0
DA:38,0
DA:39,0
DA:40,0
DA:41,0
DA:42,0
DA:43,0
DA:44,0
DA:45,0
DA:46,0
DA:47,0
DA:48,0
DA:49,0
DA:50,0
DA:51,0
DA:52,0
DA:53,0
DA:54,0
DA:55,0
DA:56,0
DA:57,0
DA:58,0
DA:59,0
DA:60,0
DA:61,0
DA:62,0
DA:63,0
DA:64,0
DA:65,0
DA:66,1
DA:75,16
DA:76,73
DA:77,21
DA:78,18
DA:79,40
DA:80,8
DA:81,31
DA:82,7
LF:85
LH:12
end_of_record
TN:
SF:src\index.ts
FNF:1
FNH:1
DA:1,36
DA:2,45
DA:3,47
DA:4,49
DA:7,30
LF:8
LH:5
end_of_record
TN:
SF:src\pool.ts
FNF:62
FNH:42
DA:29,78
DA:33,112
DA:37,120
DA:41,126
DA:44,90
DA:45,30
DA:46,30
DA:51,10
DA:53,54
DA:54,32
DA:55,34
DA:56,24
DA:60,10
DA:61,44
DA:62,50
DA:63,43
DA:65,13
DA:66,18
DA:70,52
DA:71,12
DA:81,10
DA:82,24
DA:83,42
DA:85,115
DA:86,62
DA:87,57
DA:88,13
DA:89,84
DA:90,9
DA:91,105
DA:92,92
DA:93,9
DA:95,0
DA:96,0
DA:97,0
DA:98,11
DA:99,20
DA:101,81
DA:102,97
DA:103,0
DA:104,0
DA:105,70
DA:106,17
DA:109,38
DA:110,73
DA:111,66
DA:112,9
DA:113,67
DA:116,4
DA:117,12
DA:118,20
DA:119,18
DA:120,10
DA:121,102
DA:122,138
DA:123,29
DA:126,0
DA:127,0
DA:128,0
DA:129,0
DA:130,0
DA:131,0
DA:132,0
DA:133,18
DA:139,34
DA:140,87
DA:141,163
DA:142,12
DA:143,53
DA:152,37
DA:153,96
DA:154,60
DA:155,40
DA:156,48
DA:157,40
DA:158,34
DA:159,14
DA:160,94
DA:161,183
DA:168,23
DA:171,46
DA:174,93
DA:175,26
DA:176,48
DA:177,19
DA:178,86
DA:180,12
DA:183,44
DA:184,54
DA:187,60
DA:189,79
DA:190,98
DA:191,88
DA:192,9
DA:201,0
DA:202,0
DA:203,38
DA:213,0
DA:214,0
DA:215,0
DA:216,0
DA:217,0
DA:218,0
DA:219,7
DA:228,34
DA:229,42
DA:230,154
DA:239,0
DA:240,31
DA:248,0
DA:249,51
DA:262,5
DA:263,10
DA:264,16
DA:265,28
DA:275,18
DA:292,10
DA:293,122
DA:294,102
DA:296,98
DA:297,167
DA:298,44
DA:299,138
DA:300,138
DA:301,54
DA:303,72
DA:304,36
DA:306,82
DA:307,198
DA:308,34
DA:309,100
DA:310,200
DA:311,55
DA:312,46
DA:313,52
DA:314,228
DA:317,207
DA:318,84
DA:319,38
DA:320,104
DA:321,192
DA:322,4
DA:323,32
DA:326,67
DA:327,87
DA:328,48
DA:329,43
DA:331,38
DA:332,104
DA:333,194
DA:334,4
DA:335,32
DA:336,102
DA:341,30
DA:342,84
DA:343,98
DA:344,66
DA:345,49
DA:347,56
DA:348,45
DA:349,23
DA:350,60
DA:351,109
DA:356,64
DA:357,9
DA:369,7
DA:370,12
DA:371,16
DA:372,28
DA:382,10
DA:383,162
DA:386,58
DA:387,38
DA:388,82
DA:389,80
DA:390,4
DA:391,12
DA:392,88
DA:393,69
DA:394,75
DA:395,194
DA:396,13
DA:397,54
DA:398,225
DA:399,125
DA:400,38
DA:401,82
DA:402,118
DA:403,4
DA:404,20
DA:405,17
DA:406,129
DA:407,152
DA:408,13
DA:409,13
DA:410,146
DA:411,91
DA:412,56
DA:413,10
DA:414,12
DA:415,0
DA:416,0
DA:417,0
DA:418,0
DA:419,0
DA:420,0
DA:421,0
DA:422,0
DA:423,7
DA:424,12
DA:425,0
DA:426,0
DA:427,0
DA:428,0
DA:429,0
DA:430,0
DA:431,0
DA:432,7
DA:433,12
DA:434,0
DA:435,0
DA:436,0
DA:437,0
DA:438,0
DA:439,0
DA:440,0
DA:441,7
DA:442,12
DA:443,91
DA:444,53
DA:445,12
DA:446,0
DA:447,0
DA:448,0
DA:449,0
DA:450,0
DA:451,0
DA:452,0
DA:453,0
DA:454,0
DA:455,7
DA:456,12
DA:457,0
DA:458,0
DA:459,0
DA:460,0
DA:461,0
DA:462,0
DA:463,0
DA:464,0
DA:465,0
DA:466,0
DA:467,7
DA:468,12
DA:469,0
DA:470,27
DA:471,12
DA:472,0
DA:473,0
DA:474,0
DA:475,0
DA:476,0
DA:477,7
DA:478,12
DA:479,0
DA:480,0
DA:481,0
DA:482,0
DA:483,0
DA:484,7
DA:485,12
DA:486,0
DA:487,0
DA:488,0
DA:489,0
DA:490,0
DA:491,7
DA:492,12
DA:497,48
DA:500,96
DA:501,188
DA:504,65
DA:505,78
DA:506,0
DA:507,0
DA:508,0
DA:509,0
DA:510,0
DA:511,0
DA:512,0
DA:513,0
DA:514,0
DA:515,9
DA:516,6
DA:517,10
DA:520,39
DA:521,116
DA:522,45
DA:523,67
DA:524,14
DA:525,41
DA:526,27
DA:530,8
DA:531,8
DA:532,16
DA:533,28
DA:537,17
DA:538,10
DA:539,107
DA:540,89
DA:541,9
DA:542,151
DA:543,80
DA:544,52
DA:545,18
DA:546,98
DA:547,98
DA:548,22
DA:549,14
DA:550,38
DA:551,68
DA:552,96
DA:553,4
DA:554,12
DA:555,72
DA:558,106
DA:559,36
DA:560,58
DA:561,39
DA:562,115
DA:563,123
DA:564,13
DA:565,74
DA:566,42
DA:567,129
DA:568,76
DA:569,103
DA:570,73
DA:571,17
DA:572,103
DA:573,75
DA:574,17
DA:575,30
DA:576,16
DA:577,65
DA:578,56
DA:579,190
DA:580,29
DA:581,60
DA:582,99
DA:583,95
DA:584,24
DA:585,124
DA:586,29
DA:587,62
DA:588,122
DA:589,138
DA:590,30
DA:592,105
DA:593,188
DA:594,98
DA:595,63
DA:596,13
DA:597,76
DA:598,13
DA:601,31
DA:603,77
DA:604,17
DA:605,9
DA:607,79
DA:608,80
DA:609,62
DA:610,26
DA:611,236
DA:612,110
DA:613,79
DA:614,46
DA:615,132
DA:616,30
DA:617,62
DA:618,29
DA:620,0
DA:621,0
DA:622,0
DA:623,0
DA:624,0
DA:625,0
DA:626,0
DA:627,0
DA:628,0
DA:629,0
DA:630,0
DA:631,0
DA:632,0
DA:633,0
DA:634,0
DA:635,6
DA:637,2
DA:640,61
DA:641,0
DA:642,119
DA:644,3
LF:645
LH:298
end_of_record
TN:
SF:src\prompt-builder.ts
FNF:20
FNH:18
DA:1,112
DA:2,73
DA:9,1
DA:11,85
DA:12,84
DA:13,67
DA:14,79
DA:15,12
DA:16,69
DA:17,81
DA:18,12
DA:19,29
DA:27,21
DA:28,74
DA:29,26
DA:30,64
DA:31,62
DA:32,12
DA:33,110
DA:34,114
DA:35,102
DA:36,41
DA:53,32
DA:54,67
DA:55,40
DA:56,9
DA:57,72
DA:58,84
DA:59,41
DA:76,0
DA:77,0
DA:78,0
DA:79,0
DA:80,0
DA:81,0
DA:82,0
DA:83,0
DA:84,0
DA:85,24
DA:95,48
DA:96,85
DA:106,51
DA:107,70
DA:108,45
DA:118,54
DA:119,98
DA:120,113
DA:121,116
DA:122,9
DA:123,88
DA:124,45
DA:134,51
DA:135,91
DA:145,54
DA:146,74
DA:147,45
DA:157,51
DA:158,89
DA:171,61
DA:172,63
DA:173,58
DA:177,132
DA:178,44
DA:179,151
DA:180,47
DA:181,14
DA:186,82
DA:187,32
DA:188,46
DA:189,13
DA:190,70
DA:191,22
DA:192,13
DA:193,69
DA:194,74
DA:195,68
DA:196,103
DA:197,58
DA:198,32
DA:199,21
DA:200,70
DA:201,17
DA:202,100
DA:203,9
DA:204,9
DA:205,29
DA:218,0
DA:219,0
DA:220,0
DA:221,0
DA:222,0
DA:223,0
DA:224,0
DA:225,0
DA:226,0
DA:227,0
DA:228,0
DA:229,0
DA:230,0
DA:231,0
DA:232,0
DA:233,0
DA:234,0
DA:235,0
DA:236,0
DA:237,0
DA:238,0
DA:239,0
DA:240,0
DA:241,0
DA:242,0
DA:243,0
DA:244,0
DA:245,0
DA:246,22
DA:252,22
DA:253,33
DA:259,24
DA:260,43
DA:267,38
DA:268,46
DA:269,68
DA:270,127
DA:271,193
DA:272,92
DA:273,9
DA:274,9
DA:275,53
DA:276,153
DA:277,9
DA:278,29
DA:285,41
DA:286,70
DA:287,133
DA:288,86
DA:289,103
DA:290,119
DA:291,141
DA:292,7
DA:293,5
DA:294,5
DA:295,18
DA:299,22
DA:300,28
DA:301,52
DA:302,76
DA:303,80
DA:304,66
DA:305,23
DA:308,32
DA:309,112
DA:310,116
DA:311,136
DA:312,102
DA:313,106
DA:314,98
DA:315,34
DA:317,2
LF:318
LH:121
end_of_record
TN:
SF:src\tools.ts
FNF:6
FNH:6
DA:1,40
DA:2,58
DA:5,75
DA:7,61
DA:13,39
DA:14,34
DA:17,42
DA:18,32
LF:20
LH:8
end_of_record
TN:
SF:src\types\api.ts
FNF:1
FNH:1
DA:1,48
DA:5,28
DA:9,22
DA:13,27
LF:228
LH:4
end_of_record
TN:
SF:src\types\error.ts
FNF:3
FNH:2
DA:1,111
DA:2,94
DA:3,94
DA:4,102
DA:5,94
DA:6,110
DA:7,94
DA:8,130
DA:9,96
DA:12,92
DA:13,56
DA:15,22
DA:16,2
DA:18,114
DA:19,56
DA:20,88
DA:21,2
DA:23,114
DA:24,56
DA:25,88
DA:26,2
DA:28,118
DA:29,60
DA:30,98
DA:32,18
DA:34,26
DA:36,12
DA:38,18
DA:40,22
DA:42,36
DA:44,17
DA:46,43
DA:55,10
DA:56,108
DA:57,33
DA:58,64
DA:59,80
DA:60,52
DA:61,64
DA:62,72
DA:63,100
DA:64,160
DA:65,8
DA:67,2
DA:69,116
DA:70,58
DA:71,88
DA:72,2
DA:74,122
DA:75,64
DA:76,104
DA:77,2
DA:79,114
DA:80,56
DA:81,88
DA:82,2
DA:84,132
DA:85,74
DA:86,124
DA:87,2
DA:89,114
DA:90,56
DA:91,88
DA:92,1
LF:93
LH:64
end_of_record
TN:
SF:src\types\manager.ts
FNF:5
FNH:5
DA:4,85
DA:5,56
DA:6,49
DA:9,54
DA:10,42
DA:11,34
DA:12,30
DA:13,28
DA:14,30
DA:15,44
DA:16,40
DA:17,42
DA:18,44
DA:19,34
DA:20,36
DA:21,42
DA:22,29
DA:25,67
DA:26,42
DA:27,32
DA:28,30
DA:29,35
DA:32,112
DA:33,90
DA:34,104
DA:35,85
DA:37,69
DA:38,62
DA:39,58
DA:40,57
LF:167
LH:30
end_of_record
TN:
SF:src\utils\response-error.ts
FNF:4
FNH:3
DA:1,51
DA:4,10
DA:5,49
DA:6,59
DA:7,59
DA:8,58
DA:9,33
DA:10,39
DA:11,46
DA:12,74
DA:13,0
DA:14,0
DA:15,1
DA:18,14
DA:19,15
DA:20,22
DA:21,52
DA:22,41
DA:23,11
DA:24,41
DA:25,2
DA:26,2
DA:27,19
DA:28,11
DA:29,45
DA:30,41
DA:31,2
DA:32,11
DA:33,61
DA:36,60
DA:37,61
DA:38,28
DA:39,24
DA:40,32
DA:41,18
DA:42,24
DA:43,13
DA:44,20
DA:45,8
DA:46,3
DA:49,0
DA:50,0
DA:51,0
DA:52,0
DA:53,0
DA:54,0
LF:56
LH:38
end_of_record
TN:
SF:src\utils\ws-reconnect.ts
FNF:6
FNH:6
DA:1,31
DA:29,34
DA:30,11
DA:31,21
DA:32,23
DA:33,23
DA:34,29
DA:35,18
DA:36,23
DA:37,18
DA:38,28
DA:39,7
DA:41,23
DA:42,55
DA:43,53
DA:44,2
DA:46,18
DA:47,22
DA:48,26
DA:50,31
DA:51,50
DA:52,71
DA:53,4
DA:54,12
DA:55,33
DA:56,54
DA:57,13
DA:58,75
DA:60,29
DA:61,73
DA:62,23
DA:63,4
DA:64,26
DA:67,31
DA:68,21
DA:69,14
DA:70,118
DA:73,30
DA:74,18
DA:75,13
DA:76,78
DA:77,23
DA:78,6
DA:79,22
DA:80,4
DA:82,11
DA:83,14
DA:84,0
DA:85,4
DA:88,45
DA:89,35
DA:90,39
DA:91,29
DA:92,29
DA:93,18
DA:94,23
DA:95,94
DA:96,126
DA:97,0
DA:98,9
DA:100,11
DA:101,13
DA:102,22
DA:103,64
DA:104,9
DA:108,17
DA:109,11
DA:110,10
DA:111,25
DA:112,21
DA:113,87
DA:115,56
DA:116,6
DA:117,123
DA:119,26
DA:120,1
LF:122
LH:74
end_of_record
